{"/home/nur/Downloads/Software Development 3/food-delivery-backend/src/app.js": {"path":"/home/nur/Downloads/Software Development 3/food-delivery-backend/src/app.js","statementMap":{"0":{"start":{"line":7,"column":0},"end":{"line":7,"column":null}},"1":{"start":{"line":9,"column":6},"end":{"line":9,"column":null}},"2":{"start":{"line":11,"column":0},"end":{"line":11,"column":null}},"3":{"start":{"line":12,"column":0},"end":{"line":12,"column":null}},"4":{"start":{"line":13,"column":0},"end":{"line":13,"column":null}},"5":{"start":{"line":15,"column":0},"end":{"line":20,"column":null}},"6":{"start":{"line":16,"column":2},"end":{"line":19,"column":null}},"7":{"start":{"line":17,"column":4},"end":{"line":17,"column":null}},"8":{"start":{"line":18,"column":4},"end":{"line":18,"column":null}},"9":{"start":{"line":22,"column":0},"end":{"line":22,"column":null}},"10":{"start":{"line":24,"column":0},"end":{"line":32,"column":null}},"11":{"start":{"line":25,"column":2},"end":{"line":25,"column":null}},"12":{"start":{"line":27,"column":2},"end":{"line":31,"column":null}}},"fnMap":{"0":{"name":"(anonymous_0)","decl":{"start":{"line":16,"column":10},"end":{"line":16,"column":11}},"loc":{"start":{"line":16,"column":30},"end":{"line":19,"column":3}},"line":16},"1":{"name":"(anonymous_1)","decl":{"start":{"line":24,"column":8},"end":{"line":24,"column":9}},"loc":{"start":{"line":24,"column":33},"end":{"line":32,"column":1}},"line":24}},"branchMap":{"0":{"loc":{"start":{"line":15,"column":0},"end":{"line":20,"column":null}},"type":"if","locations":[{"start":{"line":15,"column":0},"end":{"line":20,"column":null}},{"start":{},"end":{}}],"line":15},"1":{"loc":{"start":{"line":30,"column":11},"end":{"line":30,"column":null}},"type":"cond-expr","locations":[{"start":{"line":30,"column":52},"end":{"line":30,"column":66}},{"start":{"line":30,"column":66},"end":{"line":30,"column":null}}],"line":30}},"s":{"0":9,"1":9,"2":9,"3":9,"4":9,"5":9,"6":0,"7":0,"8":0,"9":9,"10":9,"11":0,"12":0},"f":{"0":0,"1":0},"b":{"0":[0,9],"1":[0,0]},"meta":{"lastBranch":2,"lastFunction":2,"lastStatement":13,"seen":{"s:7:0:7:Infinity":0,"s:9:6:9:Infinity":1,"s:11:0:11:Infinity":2,"s:12:0:12:Infinity":3,"s:13:0:13:Infinity":4,"b:15:0:20:Infinity:undefined:undefined:undefined:undefined":0,"s:15:0:20:Infinity":5,"s:16:2:19:Infinity":6,"f:16:10:16:11":0,"s:17:4:17:Infinity":7,"s:18:4:18:Infinity":8,"s:22:0:22:Infinity":9,"s:24:0:32:Infinity":10,"f:24:8:24:9":1,"s:25:2:25:Infinity":11,"s:27:2:31:Infinity":12,"b:30:52:30:66:30:66:30:Infinity":1}}}
,"/home/nur/Downloads/Software Development 3/food-delivery-backend/src/config/cloudinary.config.js": {"path":"/home/nur/Downloads/Software Development 3/food-delivery-backend/src/config/cloudinary.config.js","statementMap":{"0":{"start":{"line":4,"column":0},"end":{"line":8,"column":null}},"1":{"start":{"line":11,"column":34},"end":{"line":36,"column":1}},"2":{"start":{"line":12,"column":2},"end":{"line":35,"column":null}},"3":{"start":{"line":13,"column":25},"end":{"line":32,"column":5}},"4":{"start":{"line":23,"column":8},"end":{"line":30,"column":null}},"5":{"start":{"line":24,"column":10},"end":{"line":24,"column":null}},"6":{"start":{"line":26,"column":10},"end":{"line":29,"column":null}},"7":{"start":{"line":34,"column":4},"end":{"line":34,"column":null}},"8":{"start":{"line":39,"column":36},"end":{"line":47,"column":1}},"9":{"start":{"line":40,"column":2},"end":{"line":46,"column":null}},"10":{"start":{"line":41,"column":19},"end":{"line":41,"column":62}},"11":{"start":{"line":42,"column":4},"end":{"line":42,"column":null}},"12":{"start":{"line":44,"column":4},"end":{"line":44,"column":null}},"13":{"start":{"line":45,"column":4},"end":{"line":45,"column":null}}},"fnMap":{"0":{"name":"(anonymous_0)","decl":{"start":{"line":11,"column":34},"end":{"line":11,"column":39}},"loc":{"start":{"line":11,"column":86},"end":{"line":36,"column":1}},"line":11},"1":{"name":"(anonymous_1)","decl":{"start":{"line":12,"column":21},"end":{"line":12,"column":22}},"loc":{"start":{"line":12,"column":42},"end":{"line":35,"column":3}},"line":12},"2":{"name":"(anonymous_2)","decl":{"start":{"line":22,"column":6},"end":{"line":22,"column":7}},"loc":{"start":{"line":22,"column":25},"end":{"line":31,"column":null}},"line":22},"3":{"name":"(anonymous_3)","decl":{"start":{"line":39,"column":36},"end":{"line":39,"column":41}},"loc":{"start":{"line":39,"column":56},"end":{"line":47,"column":1}},"line":39}},"branchMap":{"0":{"loc":{"start":{"line":11,"column":53},"end":{"line":11,"column":81}},"type":"default-arg","locations":[{"start":{"line":11,"column":62},"end":{"line":11,"column":81}}],"line":11},"1":{"loc":{"start":{"line":23,"column":8},"end":{"line":30,"column":null}},"type":"if","locations":[{"start":{"line":23,"column":8},"end":{"line":30,"column":null}},{"start":{"line":25,"column":15},"end":{"line":30,"column":null}}],"line":23}},"s":{"0":9,"1":9,"2":3,"3":3,"4":3,"5":0,"6":3,"7":3,"8":9,"9":1,"10":1,"11":1,"12":0,"13":0},"f":{"0":3,"1":3,"2":3,"3":1},"b":{"0":[3],"1":[0,3]},"meta":{"lastBranch":2,"lastFunction":4,"lastStatement":14,"seen":{"s:4:0:8:Infinity":0,"s:11:34:36:1":1,"f:11:34:11:39":0,"b:11:62:11:81":0,"s:12:2:35:Infinity":2,"f:12:21:12:22":1,"s:13:25:32:5":3,"f:22:6:22:7":2,"b:23:8:30:Infinity:25:15:30:Infinity":1,"s:23:8:30:Infinity":4,"s:24:10:24:Infinity":5,"s:26:10:29:Infinity":6,"s:34:4:34:Infinity":7,"s:39:36:47:1":8,"f:39:36:39:41":3,"s:40:2:46:Infinity":9,"s:41:19:41:62":10,"s:42:4:42:Infinity":11,"s:44:4:44:Infinity":12,"s:45:4:45:Infinity":13}}}
,"/home/nur/Downloads/Software Development 3/food-delivery-backend/src/controllers/admin.controller.js": {"path":"/home/nur/Downloads/Software Development 3/food-delivery-backend/src/controllers/admin.controller.js","statementMap":{"0":{"start":{"line":8,"column":30},"end":{"line":78,"column":1}},"1":{"start":{"line":9,"column":2},"end":{"line":77,"column":null}},"2":{"start":{"line":11,"column":6},"end":{"line":11,"column":14}},"3":{"start":{"line":14,"column":4},"end":{"line":19,"column":null}},"4":{"start":{"line":15,"column":6},"end":{"line":18,"column":null}},"5":{"start":{"line":22,"column":27},"end":{"line":22,"column":60}},"6":{"start":{"line":23,"column":4},"end":{"line":28,"column":null}},"7":{"start":{"line":24,"column":6},"end":{"line":27,"column":null}},"8":{"start":{"line":31,"column":19},"end":{"line":31,"column":23}},"9":{"start":{"line":32,"column":24},"end":{"line":32,"column":28}},"10":{"start":{"line":34,"column":4},"end":{"line":49,"column":null}},"11":{"start":{"line":35,"column":6},"end":{"line":48,"column":null}},"12":{"start":{"line":36,"column":29},"end":{"line":39,"column":9}},"13":{"start":{"line":40,"column":8},"end":{"line":40,"column":null}},"14":{"start":{"line":41,"column":8},"end":{"line":41,"column":null}},"15":{"start":{"line":43,"column":8},"end":{"line":43,"column":null}},"16":{"start":{"line":44,"column":8},"end":{"line":47,"column":null}},"17":{"start":{"line":52,"column":21},"end":{"line":61,"column":6}},"18":{"start":{"line":63,"column":4},"end":{"line":63,"column":null}},"19":{"start":{"line":65,"column":4},"end":{"line":69,"column":null}},"20":{"start":{"line":71,"column":4},"end":{"line":71,"column":null}},"21":{"start":{"line":72,"column":4},"end":{"line":76,"column":null}},"22":{"start":{"line":80,"column":30},"end":{"line":154,"column":1}},"23":{"start":{"line":81,"column":2},"end":{"line":153,"column":null}},"24":{"start":{"line":83,"column":6},"end":{"line":83,"column":14}},"25":{"start":{"line":85,"column":21},"end":{"line":85,"column":59}},"26":{"start":{"line":87,"column":4},"end":{"line":92,"column":null}},"27":{"start":{"line":88,"column":6},"end":{"line":91,"column":null}},"28":{"start":{"line":95,"column":4},"end":{"line":104,"column":null}},"29":{"start":{"line":96,"column":29},"end":{"line":96,"column":62}},"30":{"start":{"line":97,"column":6},"end":{"line":102,"column":null}},"31":{"start":{"line":98,"column":8},"end":{"line":101,"column":null}},"32":{"start":{"line":103,"column":6},"end":{"line":103,"column":null}},"33":{"start":{"line":107,"column":4},"end":{"line":107,"column":null}},"34":{"start":{"line":107,"column":14},"end":{"line":107,"column":null}},"35":{"start":{"line":108,"column":4},"end":{"line":108,"column":null}},"36":{"start":{"line":108,"column":21},"end":{"line":108,"column":null}},"37":{"start":{"line":109,"column":4},"end":{"line":109,"column":null}},"38":{"start":{"line":109,"column":29},"end":{"line":109,"column":null}},"39":{"start":{"line":110,"column":4},"end":{"line":111,"column":null}},"40":{"start":{"line":111,"column":6},"end":{"line":111,"column":null}},"41":{"start":{"line":112,"column":4},"end":{"line":112,"column":null}},"42":{"start":{"line":112,"column":35},"end":{"line":112,"column":null}},"43":{"start":{"line":115,"column":4},"end":{"line":136,"column":null}},"44":{"start":{"line":116,"column":6},"end":{"line":135,"column":null}},"45":{"start":{"line":118,"column":8},"end":{"line":120,"column":null}},"46":{"start":{"line":119,"column":10},"end":{"line":119,"column":null}},"47":{"start":{"line":123,"column":29},"end":{"line":126,"column":9}},"48":{"start":{"line":127,"column":8},"end":{"line":127,"column":null}},"49":{"start":{"line":128,"column":8},"end":{"line":128,"column":null}},"50":{"start":{"line":130,"column":8},"end":{"line":130,"column":null}},"51":{"start":{"line":131,"column":8},"end":{"line":134,"column":null}},"52":{"start":{"line":138,"column":4},"end":{"line":138,"column":null}},"53":{"start":{"line":139,"column":4},"end":{"line":139,"column":null}},"54":{"start":{"line":141,"column":4},"end":{"line":145,"column":null}},"55":{"start":{"line":147,"column":4},"end":{"line":147,"column":null}},"56":{"start":{"line":148,"column":4},"end":{"line":152,"column":null}},"57":{"start":{"line":156,"column":30},"end":{"line":190,"column":1}},"58":{"start":{"line":157,"column":2},"end":{"line":189,"column":null}},"59":{"start":{"line":158,"column":21},"end":{"line":158,"column":59}},"60":{"start":{"line":160,"column":4},"end":{"line":165,"column":null}},"61":{"start":{"line":161,"column":6},"end":{"line":164,"column":null}},"62":{"start":{"line":168,"column":4},"end":{"line":174,"column":null}},"63":{"start":{"line":169,"column":6},"end":{"line":173,"column":null}},"64":{"start":{"line":170,"column":8},"end":{"line":170,"column":null}},"65":{"start":{"line":172,"column":8},"end":{"line":172,"column":null}},"66":{"start":{"line":176,"column":4},"end":{"line":176,"column":null}},"67":{"start":{"line":178,"column":4},"end":{"line":181,"column":null}},"68":{"start":{"line":183,"column":4},"end":{"line":183,"column":null}},"69":{"start":{"line":184,"column":4},"end":{"line":188,"column":null}},"70":{"start":{"line":192,"column":34},"end":{"line":219,"column":1}},"71":{"start":{"line":193,"column":2},"end":{"line":218,"column":null}},"72":{"start":{"line":194,"column":21},"end":{"line":194,"column":59}},"73":{"start":{"line":196,"column":4},"end":{"line":201,"column":null}},"74":{"start":{"line":197,"column":6},"end":{"line":200,"column":null}},"75":{"start":{"line":203,"column":4},"end":{"line":203,"column":null}},"76":{"start":{"line":204,"column":4},"end":{"line":204,"column":null}},"77":{"start":{"line":206,"column":4},"end":{"line":210,"column":null}},"78":{"start":{"line":212,"column":4},"end":{"line":212,"column":null}},"79":{"start":{"line":213,"column":4},"end":{"line":217,"column":null}},"80":{"start":{"line":221,"column":30},"end":{"line":256,"column":1}},"81":{"start":{"line":222,"column":2},"end":{"line":255,"column":null}},"82":{"start":{"line":223,"column":34},"end":{"line":223,"column":42}},"83":{"start":{"line":225,"column":4},"end":{"line":230,"column":null}},"84":{"start":{"line":226,"column":6},"end":{"line":229,"column":null}},"85":{"start":{"line":233,"column":19},"end":{"line":233,"column":51}},"86":{"start":{"line":234,"column":4},"end":{"line":239,"column":null}},"87":{"start":{"line":235,"column":6},"end":{"line":238,"column":null}},"88":{"start":{"line":241,"column":21},"end":{"line":241,"column":65}},"89":{"start":{"line":243,"column":4},"end":{"line":247,"column":null}},"90":{"start":{"line":249,"column":4},"end":{"line":249,"column":null}},"91":{"start":{"line":250,"column":4},"end":{"line":254,"column":null}},"92":{"start":{"line":258,"column":30},"end":{"line":289,"column":1}},"93":{"start":{"line":259,"column":2},"end":{"line":288,"column":null}},"94":{"start":{"line":260,"column":34},"end":{"line":260,"column":42}},"95":{"start":{"line":262,"column":21},"end":{"line":262,"column":59}},"96":{"start":{"line":264,"column":4},"end":{"line":269,"column":null}},"97":{"start":{"line":265,"column":6},"end":{"line":268,"column":null}},"98":{"start":{"line":271,"column":4},"end":{"line":271,"column":null}},"99":{"start":{"line":271,"column":14},"end":{"line":271,"column":null}},"100":{"start":{"line":272,"column":4},"end":{"line":272,"column":null}},"101":{"start":{"line":272,"column":21},"end":{"line":272,"column":null}},"102":{"start":{"line":274,"column":4},"end":{"line":274,"column":null}},"103":{"start":{"line":276,"column":4},"end":{"line":280,"column":null}},"104":{"start":{"line":282,"column":4},"end":{"line":282,"column":null}},"105":{"start":{"line":283,"column":4},"end":{"line":287,"column":null}},"106":{"start":{"line":291,"column":30},"end":{"line":327,"column":1}},"107":{"start":{"line":292,"column":2},"end":{"line":326,"column":null}},"108":{"start":{"line":293,"column":21},"end":{"line":293,"column":59}},"109":{"start":{"line":295,"column":4},"end":{"line":300,"column":null}},"110":{"start":{"line":296,"column":6},"end":{"line":299,"column":null}},"111":{"start":{"line":303,"column":27},"end":{"line":305,"column":6}},"112":{"start":{"line":306,"column":4},"end":{"line":311,"column":null}},"113":{"start":{"line":307,"column":6},"end":{"line":310,"column":null}},"114":{"start":{"line":313,"column":4},"end":{"line":313,"column":null}},"115":{"start":{"line":315,"column":4},"end":{"line":318,"column":null}},"116":{"start":{"line":320,"column":4},"end":{"line":320,"column":null}},"117":{"start":{"line":321,"column":4},"end":{"line":325,"column":null}}},"fnMap":{"0":{"name":"(anonymous_0)","decl":{"start":{"line":8,"column":30},"end":{"line":8,"column":35}},"loc":{"start":{"line":8,"column":50},"end":{"line":78,"column":1}},"line":8},"1":{"name":"(anonymous_1)","decl":{"start":{"line":80,"column":30},"end":{"line":80,"column":35}},"loc":{"start":{"line":80,"column":50},"end":{"line":154,"column":1}},"line":80},"2":{"name":"(anonymous_2)","decl":{"start":{"line":156,"column":30},"end":{"line":156,"column":35}},"loc":{"start":{"line":156,"column":50},"end":{"line":190,"column":1}},"line":156},"3":{"name":"(anonymous_3)","decl":{"start":{"line":192,"column":34},"end":{"line":192,"column":39}},"loc":{"start":{"line":192,"column":54},"end":{"line":219,"column":1}},"line":192},"4":{"name":"(anonymous_4)","decl":{"start":{"line":221,"column":30},"end":{"line":221,"column":35}},"loc":{"start":{"line":221,"column":50},"end":{"line":256,"column":1}},"line":221},"5":{"name":"(anonymous_5)","decl":{"start":{"line":258,"column":30},"end":{"line":258,"column":35}},"loc":{"start":{"line":258,"column":50},"end":{"line":289,"column":1}},"line":258},"6":{"name":"(anonymous_6)","decl":{"start":{"line":291,"column":30},"end":{"line":291,"column":35}},"loc":{"start":{"line":291,"column":50},"end":{"line":327,"column":1}},"line":291}},"branchMap":{"0":{"loc":{"start":{"line":14,"column":4},"end":{"line":19,"column":null}},"type":"if","locations":[{"start":{"line":14,"column":4},"end":{"line":19,"column":null}},{"start":{},"end":{}}],"line":14},"1":{"loc":{"start":{"line":14,"column":8},"end":{"line":14,"column":72}},"type":"binary-expr","locations":[{"start":{"line":14,"column":8},"end":{"line":14,"column":13}},{"start":{"line":14,"column":17},"end":{"line":14,"column":29}},{"start":{"line":14,"column":33},"end":{"line":14,"column":42}},{"start":{"line":14,"column":46},"end":{"line":14,"column":52}},{"start":{"line":14,"column":56},"end":{"line":14,"column":72}}],"line":14},"2":{"loc":{"start":{"line":23,"column":4},"end":{"line":28,"column":null}},"type":"if","locations":[{"start":{"line":23,"column":4},"end":{"line":28,"column":null}},{"start":{},"end":{}}],"line":23},"3":{"loc":{"start":{"line":34,"column":4},"end":{"line":49,"column":null}},"type":"if","locations":[{"start":{"line":34,"column":4},"end":{"line":49,"column":null}},{"start":{},"end":{}}],"line":34},"4":{"loc":{"start":{"line":60,"column":19},"end":{"line":60,"column":65}},"type":"cond-expr","locations":[{"start":{"line":60,"column":47},"end":{"line":60,"column":58}},{"start":{"line":60,"column":61},"end":{"line":60,"column":65}}],"line":60},"5":{"loc":{"start":{"line":87,"column":4},"end":{"line":92,"column":null}},"type":"if","locations":[{"start":{"line":87,"column":4},"end":{"line":92,"column":null}},{"start":{},"end":{}}],"line":87},"6":{"loc":{"start":{"line":95,"column":4},"end":{"line":104,"column":null}},"type":"if","locations":[{"start":{"line":95,"column":4},"end":{"line":104,"column":null}},{"start":{},"end":{}}],"line":95},"7":{"loc":{"start":{"line":97,"column":6},"end":{"line":102,"column":null}},"type":"if","locations":[{"start":{"line":97,"column":6},"end":{"line":102,"column":null}},{"start":{},"end":{}}],"line":97},"8":{"loc":{"start":{"line":107,"column":4},"end":{"line":107,"column":null}},"type":"if","locations":[{"start":{"line":107,"column":4},"end":{"line":107,"column":null}},{"start":{},"end":{}}],"line":107},"9":{"loc":{"start":{"line":108,"column":4},"end":{"line":108,"column":null}},"type":"if","locations":[{"start":{"line":108,"column":4},"end":{"line":108,"column":null}},{"start":{},"end":{}}],"line":108},"10":{"loc":{"start":{"line":109,"column":4},"end":{"line":109,"column":null}},"type":"if","locations":[{"start":{"line":109,"column":4},"end":{"line":109,"column":null}},{"start":{},"end":{}}],"line":109},"11":{"loc":{"start":{"line":110,"column":4},"end":{"line":111,"column":null}},"type":"if","locations":[{"start":{"line":110,"column":4},"end":{"line":111,"column":null}},{"start":{},"end":{}}],"line":110},"12":{"loc":{"start":{"line":112,"column":4},"end":{"line":112,"column":null}},"type":"if","locations":[{"start":{"line":112,"column":4},"end":{"line":112,"column":null}},{"start":{},"end":{}}],"line":112},"13":{"loc":{"start":{"line":115,"column":4},"end":{"line":136,"column":null}},"type":"if","locations":[{"start":{"line":115,"column":4},"end":{"line":136,"column":null}},{"start":{},"end":{}}],"line":115},"14":{"loc":{"start":{"line":118,"column":8},"end":{"line":120,"column":null}},"type":"if","locations":[{"start":{"line":118,"column":8},"end":{"line":120,"column":null}},{"start":{},"end":{}}],"line":118},"15":{"loc":{"start":{"line":160,"column":4},"end":{"line":165,"column":null}},"type":"if","locations":[{"start":{"line":160,"column":4},"end":{"line":165,"column":null}},{"start":{},"end":{}}],"line":160},"16":{"loc":{"start":{"line":168,"column":4},"end":{"line":174,"column":null}},"type":"if","locations":[{"start":{"line":168,"column":4},"end":{"line":174,"column":null}},{"start":{},"end":{}}],"line":168},"17":{"loc":{"start":{"line":196,"column":4},"end":{"line":201,"column":null}},"type":"if","locations":[{"start":{"line":196,"column":4},"end":{"line":201,"column":null}},{"start":{},"end":{}}],"line":196},"18":{"loc":{"start":{"line":208,"column":28},"end":{"line":208,"column":73}},"type":"cond-expr","locations":[{"start":{"line":208,"column":51},"end":{"line":208,"column":60}},{"start":{"line":208,"column":63},"end":{"line":208,"column":73}}],"line":208},"19":{"loc":{"start":{"line":225,"column":4},"end":{"line":230,"column":null}},"type":"if","locations":[{"start":{"line":225,"column":4},"end":{"line":230,"column":null}},{"start":{},"end":{}}],"line":225},"20":{"loc":{"start":{"line":234,"column":4},"end":{"line":239,"column":null}},"type":"if","locations":[{"start":{"line":234,"column":4},"end":{"line":239,"column":null}},{"start":{},"end":{}}],"line":234},"21":{"loc":{"start":{"line":264,"column":4},"end":{"line":269,"column":null}},"type":"if","locations":[{"start":{"line":264,"column":4},"end":{"line":269,"column":null}},{"start":{},"end":{}}],"line":264},"22":{"loc":{"start":{"line":271,"column":4},"end":{"line":271,"column":null}},"type":"if","locations":[{"start":{"line":271,"column":4},"end":{"line":271,"column":null}},{"start":{},"end":{}}],"line":271},"23":{"loc":{"start":{"line":272,"column":4},"end":{"line":272,"column":null}},"type":"if","locations":[{"start":{"line":272,"column":4},"end":{"line":272,"column":null}},{"start":{},"end":{}}],"line":272},"24":{"loc":{"start":{"line":295,"column":4},"end":{"line":300,"column":null}},"type":"if","locations":[{"start":{"line":295,"column":4},"end":{"line":300,"column":null}},{"start":{},"end":{}}],"line":295},"25":{"loc":{"start":{"line":306,"column":4},"end":{"line":311,"column":null}},"type":"if","locations":[{"start":{"line":306,"column":4},"end":{"line":311,"column":null}},{"start":{},"end":{}}],"line":306}},"s":{"0":9,"1":2,"2":2,"3":2,"4":1,"5":1,"6":1,"7":0,"8":1,"9":1,"10":1,"11":1,"12":1,"13":1,"14":1,"15":0,"16":0,"17":1,"18":1,"19":1,"20":0,"21":0,"22":9,"23":1,"24":1,"25":1,"26":1,"27":0,"28":1,"29":0,"30":0,"31":0,"32":0,"33":1,"34":1,"35":1,"36":0,"37":1,"38":1,"39":1,"40":1,"41":1,"42":0,"43":1,"44":0,"45":0,"46":0,"47":0,"48":0,"49":0,"50":0,"51":0,"52":1,"53":1,"54":1,"55":0,"56":0,"57":9,"58":1,"59":1,"60":1,"61":0,"62":1,"63":0,"64":0,"65":0,"66":1,"67":1,"68":0,"69":0,"70":9,"71":1,"72":1,"73":1,"74":0,"75":1,"76":1,"77":1,"78":0,"79":0,"80":9,"81":2,"82":2,"83":2,"84":0,"85":2,"86":2,"87":1,"88":1,"89":1,"90":0,"91":0,"92":9,"93":2,"94":2,"95":2,"96":2,"97":1,"98":1,"99":1,"100":1,"101":0,"102":1,"103":1,"104":0,"105":0,"106":9,"107":2,"108":2,"109":2,"110":0,"111":2,"112":2,"113":1,"114":1,"115":1,"116":0,"117":0},"f":{"0":2,"1":1,"2":1,"3":1,"4":2,"5":2,"6":2},"b":{"0":[1,1],"1":[2,2,1,1,1],"2":[0,1],"3":[1,0],"4":[1,0],"5":[0,1],"6":[0,1],"7":[0,0],"8":[1,0],"9":[0,1],"10":[1,0],"11":[1,0],"12":[0,1],"13":[0,1],"14":[0,0],"15":[0,1],"16":[0,1],"17":[0,1],"18":[0,1],"19":[0,2],"20":[1,1],"21":[1,1],"22":[1,0],"23":[0,1],"24":[0,2],"25":[1,1]},"meta":{"lastBranch":26,"lastFunction":7,"lastStatement":118,"seen":{"s:8:30:78:1":0,"f:8:30:8:35":0,"s:9:2:77:Infinity":1,"s:11:6:11:14":2,"b:14:4:19:Infinity:undefined:undefined:undefined:undefined":0,"s:14:4:19:Infinity":3,"b:14:8:14:13:14:17:14:29:14:33:14:42:14:46:14:52:14:56:14:72":1,"s:15:6:18:Infinity":4,"s:22:27:22:60":5,"b:23:4:28:Infinity:undefined:undefined:undefined:undefined":2,"s:23:4:28:Infinity":6,"s:24:6:27:Infinity":7,"s:31:19:31:23":8,"s:32:24:32:28":9,"b:34:4:49:Infinity:undefined:undefined:undefined:undefined":3,"s:34:4:49:Infinity":10,"s:35:6:48:Infinity":11,"s:36:29:39:9":12,"s:40:8:40:Infinity":13,"s:41:8:41:Infinity":14,"s:43:8:43:Infinity":15,"s:44:8:47:Infinity":16,"s:52:21:61:6":17,"b:60:47:60:58:60:61:60:65":4,"s:63:4:63:Infinity":18,"s:65:4:69:Infinity":19,"s:71:4:71:Infinity":20,"s:72:4:76:Infinity":21,"s:80:30:154:1":22,"f:80:30:80:35":1,"s:81:2:153:Infinity":23,"s:83:6:83:14":24,"s:85:21:85:59":25,"b:87:4:92:Infinity:undefined:undefined:undefined:undefined":5,"s:87:4:92:Infinity":26,"s:88:6:91:Infinity":27,"b:95:4:104:Infinity:undefined:undefined:undefined:undefined":6,"s:95:4:104:Infinity":28,"s:96:29:96:62":29,"b:97:6:102:Infinity:undefined:undefined:undefined:undefined":7,"s:97:6:102:Infinity":30,"s:98:8:101:Infinity":31,"s:103:6:103:Infinity":32,"b:107:4:107:Infinity:undefined:undefined:undefined:undefined":8,"s:107:4:107:Infinity":33,"s:107:14:107:Infinity":34,"b:108:4:108:Infinity:undefined:undefined:undefined:undefined":9,"s:108:4:108:Infinity":35,"s:108:21:108:Infinity":36,"b:109:4:109:Infinity:undefined:undefined:undefined:undefined":10,"s:109:4:109:Infinity":37,"s:109:29:109:Infinity":38,"b:110:4:111:Infinity:undefined:undefined:undefined:undefined":11,"s:110:4:111:Infinity":39,"s:111:6:111:Infinity":40,"b:112:4:112:Infinity:undefined:undefined:undefined:undefined":12,"s:112:4:112:Infinity":41,"s:112:35:112:Infinity":42,"b:115:4:136:Infinity:undefined:undefined:undefined:undefined":13,"s:115:4:136:Infinity":43,"s:116:6:135:Infinity":44,"b:118:8:120:Infinity:undefined:undefined:undefined:undefined":14,"s:118:8:120:Infinity":45,"s:119:10:119:Infinity":46,"s:123:29:126:9":47,"s:127:8:127:Infinity":48,"s:128:8:128:Infinity":49,"s:130:8:130:Infinity":50,"s:131:8:134:Infinity":51,"s:138:4:138:Infinity":52,"s:139:4:139:Infinity":53,"s:141:4:145:Infinity":54,"s:147:4:147:Infinity":55,"s:148:4:152:Infinity":56,"s:156:30:190:1":57,"f:156:30:156:35":2,"s:157:2:189:Infinity":58,"s:158:21:158:59":59,"b:160:4:165:Infinity:undefined:undefined:undefined:undefined":15,"s:160:4:165:Infinity":60,"s:161:6:164:Infinity":61,"b:168:4:174:Infinity:undefined:undefined:undefined:undefined":16,"s:168:4:174:Infinity":62,"s:169:6:173:Infinity":63,"s:170:8:170:Infinity":64,"s:172:8:172:Infinity":65,"s:176:4:176:Infinity":66,"s:178:4:181:Infinity":67,"s:183:4:183:Infinity":68,"s:184:4:188:Infinity":69,"s:192:34:219:1":70,"f:192:34:192:39":3,"s:193:2:218:Infinity":71,"s:194:21:194:59":72,"b:196:4:201:Infinity:undefined:undefined:undefined:undefined":17,"s:196:4:201:Infinity":73,"s:197:6:200:Infinity":74,"s:203:4:203:Infinity":75,"s:204:4:204:Infinity":76,"s:206:4:210:Infinity":77,"b:208:51:208:60:208:63:208:73":18,"s:212:4:212:Infinity":78,"s:213:4:217:Infinity":79,"s:221:30:256:1":80,"f:221:30:221:35":4,"s:222:2:255:Infinity":81,"s:223:34:223:42":82,"b:225:4:230:Infinity:undefined:undefined:undefined:undefined":19,"s:225:4:230:Infinity":83,"s:226:6:229:Infinity":84,"s:233:19:233:51":85,"b:234:4:239:Infinity:undefined:undefined:undefined:undefined":20,"s:234:4:239:Infinity":86,"s:235:6:238:Infinity":87,"s:241:21:241:65":88,"s:243:4:247:Infinity":89,"s:249:4:249:Infinity":90,"s:250:4:254:Infinity":91,"s:258:30:289:1":92,"f:258:30:258:35":5,"s:259:2:288:Infinity":93,"s:260:34:260:42":94,"s:262:21:262:59":95,"b:264:4:269:Infinity:undefined:undefined:undefined:undefined":21,"s:264:4:269:Infinity":96,"s:265:6:268:Infinity":97,"b:271:4:271:Infinity:undefined:undefined:undefined:undefined":22,"s:271:4:271:Infinity":98,"s:271:14:271:Infinity":99,"b:272:4:272:Infinity:undefined:undefined:undefined:undefined":23,"s:272:4:272:Infinity":100,"s:272:21:272:Infinity":101,"s:274:4:274:Infinity":102,"s:276:4:280:Infinity":103,"s:282:4:282:Infinity":104,"s:283:4:287:Infinity":105,"s:291:30:327:1":106,"f:291:30:291:35":6,"s:292:2:326:Infinity":107,"s:293:21:293:59":108,"b:295:4:300:Infinity:undefined:undefined:undefined:undefined":24,"s:295:4:300:Infinity":109,"s:296:6:299:Infinity":110,"s:303:27:305:6":111,"b:306:4:311:Infinity:undefined:undefined:undefined:undefined":25,"s:306:4:311:Infinity":112,"s:307:6:310:Infinity":113,"s:313:4:313:Infinity":114,"s:315:4:318:Infinity":115,"s:320:4:320:Infinity":116,"s:321:4:325:Infinity":117}}}
,"/home/nur/Downloads/Software Development 3/food-delivery-backend/src/controllers/auth.controller.js": {"path":"/home/nur/Downloads/Software Development 3/food-delivery-backend/src/controllers/auth.controller.js","statementMap":{"0":{"start":{"line":10,"column":24},"end":{"line":73,"column":1}},"1":{"start":{"line":11,"column":2},"end":{"line":72,"column":null}},"2":{"start":{"line":12,"column":56},"end":{"line":12,"column":64}},"3":{"start":{"line":14,"column":4},"end":{"line":20,"column":null}},"4":{"start":{"line":15,"column":6},"end":{"line":18,"column":null}},"5":{"start":{"line":19,"column":6},"end":{"line":19,"column":null}},"6":{"start":{"line":22,"column":25},"end":{"line":24,"column":6}},"7":{"start":{"line":26,"column":4},"end":{"line":33,"column":null}},"8":{"start":{"line":27,"column":20},"end":{"line":27,"column":73}},"9":{"start":{"line":28,"column":6},"end":{"line":31,"column":null}},"10":{"start":{"line":32,"column":6},"end":{"line":32,"column":null}},"11":{"start":{"line":35,"column":17},"end":{"line":42,"column":6}},"12":{"start":{"line":44,"column":17},"end":{"line":48,"column":6}},"13":{"start":{"line":50,"column":4},"end":{"line":64,"column":null}},"14":{"start":{"line":66,"column":4},"end":{"line":66,"column":null}},"15":{"start":{"line":67,"column":4},"end":{"line":71,"column":null}},"16":{"start":{"line":75,"column":21},"end":{"line":136,"column":1}},"17":{"start":{"line":76,"column":2},"end":{"line":135,"column":null}},"18":{"start":{"line":77,"column":32},"end":{"line":77,"column":40}},"19":{"start":{"line":79,"column":4},"end":{"line":85,"column":null}},"20":{"start":{"line":80,"column":6},"end":{"line":83,"column":null}},"21":{"start":{"line":84,"column":6},"end":{"line":84,"column":null}},"22":{"start":{"line":87,"column":17},"end":{"line":87,"column":66}},"23":{"start":{"line":89,"column":4},"end":{"line":95,"column":null}},"24":{"start":{"line":90,"column":6},"end":{"line":93,"column":null}},"25":{"start":{"line":94,"column":6},"end":{"line":94,"column":null}},"26":{"start":{"line":97,"column":30},"end":{"line":97,"column":66}},"27":{"start":{"line":99,"column":4},"end":{"line":105,"column":null}},"28":{"start":{"line":100,"column":6},"end":{"line":103,"column":null}},"29":{"start":{"line":104,"column":6},"end":{"line":104,"column":null}},"30":{"start":{"line":107,"column":17},"end":{"line":111,"column":6}},"31":{"start":{"line":113,"column":4},"end":{"line":127,"column":null}},"32":{"start":{"line":129,"column":4},"end":{"line":129,"column":null}},"33":{"start":{"line":130,"column":4},"end":{"line":134,"column":null}},"34":{"start":{"line":138,"column":30},"end":{"line":194,"column":1}},"35":{"start":{"line":139,"column":2},"end":{"line":193,"column":null}},"36":{"start":{"line":140,"column":22},"end":{"line":140,"column":30}},"37":{"start":{"line":142,"column":4},"end":{"line":148,"column":null}},"38":{"start":{"line":143,"column":6},"end":{"line":146,"column":null}},"39":{"start":{"line":147,"column":6},"end":{"line":147,"column":null}},"40":{"start":{"line":150,"column":17},"end":{"line":152,"column":5}},"41":{"start":{"line":154,"column":4},"end":{"line":160,"column":null}},"42":{"start":{"line":155,"column":6},"end":{"line":158,"column":null}},"43":{"start":{"line":159,"column":6},"end":{"line":159,"column":null}},"44":{"start":{"line":162,"column":22},"end":{"line":162,"column":43}},"45":{"start":{"line":163,"column":23},"end":{"line":163,"column":50}},"46":{"start":{"line":165,"column":4},"end":{"line":165,"column":null}},"47":{"start":{"line":166,"column":4},"end":{"line":166,"column":null}},"48":{"start":{"line":167,"column":4},"end":{"line":167,"column":null}},"49":{"start":{"line":169,"column":4},"end":{"line":185,"column":null}},"50":{"start":{"line":170,"column":6},"end":{"line":170,"column":null}},"51":{"start":{"line":172,"column":6},"end":{"line":175,"column":null}},"52":{"start":{"line":177,"column":6},"end":{"line":177,"column":null}},"53":{"start":{"line":178,"column":6},"end":{"line":178,"column":null}},"54":{"start":{"line":179,"column":6},"end":{"line":179,"column":null}},"55":{"start":{"line":181,"column":6},"end":{"line":184,"column":null}},"56":{"start":{"line":187,"column":4},"end":{"line":187,"column":null}},"57":{"start":{"line":188,"column":4},"end":{"line":192,"column":null}},"58":{"start":{"line":196,"column":29},"end":{"line":250,"column":1}},"59":{"start":{"line":197,"column":2},"end":{"line":249,"column":null}},"60":{"start":{"line":198,"column":27},"end":{"line":198,"column":37}},"61":{"start":{"line":199,"column":25},"end":{"line":199,"column":33}},"62":{"start":{"line":201,"column":4},"end":{"line":207,"column":null}},"63":{"start":{"line":202,"column":6},"end":{"line":205,"column":null}},"64":{"start":{"line":206,"column":6},"end":{"line":206,"column":null}},"65":{"start":{"line":209,"column":23},"end":{"line":209,"column":50}},"66":{"start":{"line":211,"column":17},"end":{"line":214,"column":57}},"67":{"start":{"line":216,"column":4},"end":{"line":222,"column":null}},"68":{"start":{"line":217,"column":6},"end":{"line":220,"column":null}},"69":{"start":{"line":221,"column":6},"end":{"line":221,"column":null}},"70":{"start":{"line":224,"column":4},"end":{"line":224,"column":null}},"71":{"start":{"line":225,"column":4},"end":{"line":225,"column":null}},"72":{"start":{"line":226,"column":4},"end":{"line":226,"column":null}},"73":{"start":{"line":227,"column":4},"end":{"line":227,"column":null}},"74":{"start":{"line":229,"column":17},"end":{"line":233,"column":6}},"75":{"start":{"line":235,"column":4},"end":{"line":241,"column":null}},"76":{"start":{"line":243,"column":4},"end":{"line":243,"column":null}},"77":{"start":{"line":244,"column":4},"end":{"line":248,"column":null}},"78":{"start":{"line":252,"column":21},"end":{"line":285,"column":1}},"79":{"start":{"line":253,"column":2},"end":{"line":284,"column":null}},"80":{"start":{"line":254,"column":17},"end":{"line":254,"column":48}},"81":{"start":{"line":256,"column":4},"end":{"line":262,"column":null}},"82":{"start":{"line":257,"column":6},"end":{"line":260,"column":null}},"83":{"start":{"line":261,"column":6},"end":{"line":261,"column":null}},"84":{"start":{"line":264,"column":4},"end":{"line":276,"column":null}},"85":{"start":{"line":278,"column":4},"end":{"line":278,"column":null}},"86":{"start":{"line":279,"column":4},"end":{"line":283,"column":null}}},"fnMap":{"0":{"name":"(anonymous_0)","decl":{"start":{"line":10,"column":24},"end":{"line":10,"column":29}},"loc":{"start":{"line":10,"column":44},"end":{"line":73,"column":1}},"line":10},"1":{"name":"(anonymous_1)","decl":{"start":{"line":75,"column":21},"end":{"line":75,"column":26}},"loc":{"start":{"line":75,"column":41},"end":{"line":136,"column":1}},"line":75},"2":{"name":"(anonymous_2)","decl":{"start":{"line":138,"column":30},"end":{"line":138,"column":35}},"loc":{"start":{"line":138,"column":50},"end":{"line":194,"column":1}},"line":138},"3":{"name":"(anonymous_3)","decl":{"start":{"line":196,"column":29},"end":{"line":196,"column":34}},"loc":{"start":{"line":196,"column":49},"end":{"line":250,"column":1}},"line":196},"4":{"name":"(anonymous_4)","decl":{"start":{"line":252,"column":21},"end":{"line":252,"column":26}},"loc":{"start":{"line":252,"column":41},"end":{"line":285,"column":1}},"line":252}},"branchMap":{"0":{"loc":{"start":{"line":14,"column":4},"end":{"line":20,"column":null}},"type":"if","locations":[{"start":{"line":14,"column":4},"end":{"line":20,"column":null}},{"start":{},"end":{}}],"line":14},"1":{"loc":{"start":{"line":14,"column":8},"end":{"line":14,"column":60}},"type":"binary-expr","locations":[{"start":{"line":14,"column":8},"end":{"line":14,"column":13}},{"start":{"line":14,"column":17},"end":{"line":14,"column":23}},{"start":{"line":14,"column":27},"end":{"line":14,"column":37}},{"start":{"line":14,"column":41},"end":{"line":14,"column":47}},{"start":{"line":14,"column":51},"end":{"line":14,"column":60}}],"line":14},"2":{"loc":{"start":{"line":26,"column":4},"end":{"line":33,"column":null}},"type":"if","locations":[{"start":{"line":26,"column":4},"end":{"line":33,"column":null}},{"start":{},"end":{}}],"line":26},"3":{"loc":{"start":{"line":27,"column":20},"end":{"line":27,"column":73}},"type":"cond-expr","locations":[{"start":{"line":27,"column":51},"end":{"line":27,"column":58}},{"start":{"line":27,"column":61},"end":{"line":27,"column":73}}],"line":27},"4":{"loc":{"start":{"line":79,"column":4},"end":{"line":85,"column":null}},"type":"if","locations":[{"start":{"line":79,"column":4},"end":{"line":85,"column":null}},{"start":{},"end":{}}],"line":79},"5":{"loc":{"start":{"line":79,"column":8},"end":{"line":79,"column":27}},"type":"binary-expr","locations":[{"start":{"line":79,"column":8},"end":{"line":79,"column":14}},{"start":{"line":79,"column":18},"end":{"line":79,"column":27}}],"line":79},"6":{"loc":{"start":{"line":89,"column":4},"end":{"line":95,"column":null}},"type":"if","locations":[{"start":{"line":89,"column":4},"end":{"line":95,"column":null}},{"start":{},"end":{}}],"line":89},"7":{"loc":{"start":{"line":99,"column":4},"end":{"line":105,"column":null}},"type":"if","locations":[{"start":{"line":99,"column":4},"end":{"line":105,"column":null}},{"start":{},"end":{}}],"line":99},"8":{"loc":{"start":{"line":142,"column":4},"end":{"line":148,"column":null}},"type":"if","locations":[{"start":{"line":142,"column":4},"end":{"line":148,"column":null}},{"start":{},"end":{}}],"line":142},"9":{"loc":{"start":{"line":154,"column":4},"end":{"line":160,"column":null}},"type":"if","locations":[{"start":{"line":154,"column":4},"end":{"line":160,"column":null}},{"start":{},"end":{}}],"line":154},"10":{"loc":{"start":{"line":201,"column":4},"end":{"line":207,"column":null}},"type":"if","locations":[{"start":{"line":201,"column":4},"end":{"line":207,"column":null}},{"start":{},"end":{}}],"line":201},"11":{"loc":{"start":{"line":216,"column":4},"end":{"line":222,"column":null}},"type":"if","locations":[{"start":{"line":216,"column":4},"end":{"line":222,"column":null}},{"start":{},"end":{}}],"line":216},"12":{"loc":{"start":{"line":256,"column":4},"end":{"line":262,"column":null}},"type":"if","locations":[{"start":{"line":256,"column":4},"end":{"line":262,"column":null}},{"start":{},"end":{}}],"line":256}},"s":{"0":9,"1":2,"2":2,"3":2,"4":0,"5":0,"6":2,"7":2,"8":1,"9":1,"10":1,"11":1,"12":1,"13":1,"14":0,"15":0,"16":9,"17":4,"18":4,"19":4,"20":0,"21":0,"22":4,"23":4,"24":0,"25":0,"26":4,"27":4,"28":1,"29":1,"30":3,"31":3,"32":0,"33":0,"34":9,"35":1,"36":1,"37":1,"38":0,"39":0,"40":1,"41":1,"42":0,"43":0,"44":1,"45":1,"46":1,"47":1,"48":1,"49":1,"50":1,"51":1,"52":0,"53":0,"54":0,"55":0,"56":0,"57":0,"58":9,"59":2,"60":2,"61":2,"62":2,"63":0,"64":0,"65":2,"66":2,"67":2,"68":1,"69":1,"70":1,"71":1,"72":1,"73":1,"74":1,"75":1,"76":0,"77":0,"78":9,"79":1,"80":1,"81":1,"82":0,"83":0,"84":1,"85":0,"86":0},"f":{"0":2,"1":4,"2":1,"3":2,"4":1},"b":{"0":[0,2],"1":[2,2,2,2,2],"2":[1,1],"3":[1,0],"4":[0,4],"5":[4,4],"6":[0,4],"7":[1,3],"8":[0,1],"9":[0,1],"10":[0,2],"11":[1,1],"12":[0,1]},"meta":{"lastBranch":13,"lastFunction":5,"lastStatement":87,"seen":{"s:10:24:73:1":0,"f:10:24:10:29":0,"s:11:2:72:Infinity":1,"s:12:56:12:64":2,"b:14:4:20:Infinity:undefined:undefined:undefined:undefined":0,"s:14:4:20:Infinity":3,"b:14:8:14:13:14:17:14:23:14:27:14:37:14:41:14:47:14:51:14:60":1,"s:15:6:18:Infinity":4,"s:19:6:19:Infinity":5,"s:22:25:24:6":6,"b:26:4:33:Infinity:undefined:undefined:undefined:undefined":2,"s:26:4:33:Infinity":7,"s:27:20:27:73":8,"b:27:51:27:58:27:61:27:73":3,"s:28:6:31:Infinity":9,"s:32:6:32:Infinity":10,"s:35:17:42:6":11,"s:44:17:48:6":12,"s:50:4:64:Infinity":13,"s:66:4:66:Infinity":14,"s:67:4:71:Infinity":15,"s:75:21:136:1":16,"f:75:21:75:26":1,"s:76:2:135:Infinity":17,"s:77:32:77:40":18,"b:79:4:85:Infinity:undefined:undefined:undefined:undefined":4,"s:79:4:85:Infinity":19,"b:79:8:79:14:79:18:79:27":5,"s:80:6:83:Infinity":20,"s:84:6:84:Infinity":21,"s:87:17:87:66":22,"b:89:4:95:Infinity:undefined:undefined:undefined:undefined":6,"s:89:4:95:Infinity":23,"s:90:6:93:Infinity":24,"s:94:6:94:Infinity":25,"s:97:30:97:66":26,"b:99:4:105:Infinity:undefined:undefined:undefined:undefined":7,"s:99:4:105:Infinity":27,"s:100:6:103:Infinity":28,"s:104:6:104:Infinity":29,"s:107:17:111:6":30,"s:113:4:127:Infinity":31,"s:129:4:129:Infinity":32,"s:130:4:134:Infinity":33,"s:138:30:194:1":34,"f:138:30:138:35":2,"s:139:2:193:Infinity":35,"s:140:22:140:30":36,"b:142:4:148:Infinity:undefined:undefined:undefined:undefined":8,"s:142:4:148:Infinity":37,"s:143:6:146:Infinity":38,"s:147:6:147:Infinity":39,"s:150:17:152:5":40,"b:154:4:160:Infinity:undefined:undefined:undefined:undefined":9,"s:154:4:160:Infinity":41,"s:155:6:158:Infinity":42,"s:159:6:159:Infinity":43,"s:162:22:162:43":44,"s:163:23:163:50":45,"s:165:4:165:Infinity":46,"s:166:4:166:Infinity":47,"s:167:4:167:Infinity":48,"s:169:4:185:Infinity":49,"s:170:6:170:Infinity":50,"s:172:6:175:Infinity":51,"s:177:6:177:Infinity":52,"s:178:6:178:Infinity":53,"s:179:6:179:Infinity":54,"s:181:6:184:Infinity":55,"s:187:4:187:Infinity":56,"s:188:4:192:Infinity":57,"s:196:29:250:1":58,"f:196:29:196:34":3,"s:197:2:249:Infinity":59,"s:198:27:198:37":60,"s:199:25:199:33":61,"b:201:4:207:Infinity:undefined:undefined:undefined:undefined":10,"s:201:4:207:Infinity":62,"s:202:6:205:Infinity":63,"s:206:6:206:Infinity":64,"s:209:23:209:50":65,"s:211:17:214:57":66,"b:216:4:222:Infinity:undefined:undefined:undefined:undefined":11,"s:216:4:222:Infinity":67,"s:217:6:220:Infinity":68,"s:221:6:221:Infinity":69,"s:224:4:224:Infinity":70,"s:225:4:225:Infinity":71,"s:226:4:226:Infinity":72,"s:227:4:227:Infinity":73,"s:229:17:233:6":74,"s:235:4:241:Infinity":75,"s:243:4:243:Infinity":76,"s:244:4:248:Infinity":77,"s:252:21:285:1":78,"f:252:21:252:26":4,"s:253:2:284:Infinity":79,"s:254:17:254:48":80,"b:256:4:262:Infinity:undefined:undefined:undefined:undefined":12,"s:256:4:262:Infinity":81,"s:257:6:260:Infinity":82,"s:261:6:261:Infinity":83,"s:264:4:276:Infinity":84,"s:278:4:278:Infinity":85,"s:279:4:283:Infinity":86}}}
,"/home/nur/Downloads/Software Development 3/food-delivery-backend/src/controllers/cart.controller.js": {"path":"/home/nur/Downloads/Software Development 3/food-delivery-backend/src/controllers/cart.controller.js","statementMap":{"0":{"start":{"line":4,"column":23},"end":{"line":31,"column":1}},"1":{"start":{"line":5,"column":2},"end":{"line":30,"column":null}},"2":{"start":{"line":6,"column":15},"end":{"line":9,"column":5}},"3":{"start":{"line":11,"column":4},"end":{"line":17,"column":null}},"4":{"start":{"line":12,"column":6},"end":{"line":16,"column":null}},"5":{"start":{"line":19,"column":4},"end":{"line":22,"column":null}},"6":{"start":{"line":24,"column":4},"end":{"line":24,"column":null}},"7":{"start":{"line":25,"column":4},"end":{"line":29,"column":null}},"8":{"start":{"line":33,"column":25},"end":{"line":124,"column":1}},"9":{"start":{"line":34,"column":2},"end":{"line":123,"column":null}},"10":{"start":{"line":35,"column":41},"end":{"line":35,"column":49}},"11":{"start":{"line":37,"column":4},"end":{"line":43,"column":null}},"12":{"start":{"line":38,"column":6},"end":{"line":41,"column":null}},"13":{"start":{"line":42,"column":6},"end":{"line":42,"column":null}},"14":{"start":{"line":45,"column":4},"end":{"line":51,"column":null}},"15":{"start":{"line":46,"column":6},"end":{"line":49,"column":null}},"16":{"start":{"line":50,"column":6},"end":{"line":50,"column":null}},"17":{"start":{"line":53,"column":21},"end":{"line":53,"column":56}},"18":{"start":{"line":55,"column":4},"end":{"line":61,"column":null}},"19":{"start":{"line":56,"column":6},"end":{"line":59,"column":null}},"20":{"start":{"line":60,"column":6},"end":{"line":60,"column":null}},"21":{"start":{"line":63,"column":4},"end":{"line":69,"column":null}},"22":{"start":{"line":64,"column":6},"end":{"line":67,"column":null}},"23":{"start":{"line":68,"column":6},"end":{"line":68,"column":null}},"24":{"start":{"line":71,"column":15},"end":{"line":71,"column":55}},"25":{"start":{"line":73,"column":4},"end":{"line":79,"column":null}},"26":{"start":{"line":74,"column":6},"end":{"line":78,"column":null}},"27":{"start":{"line":81,"column":30},"end":{"line":83,"column":5}},"28":{"start":{"line":82,"column":16},"end":{"line":82,"column":55}},"29":{"start":{"line":85,"column":4},"end":{"line":106,"column":null}},"30":{"start":{"line":86,"column":26},"end":{"line":86,"column":75}},"31":{"start":{"line":88,"column":6},"end":{"line":94,"column":null}},"32":{"start":{"line":89,"column":8},"end":{"line":92,"column":null}},"33":{"start":{"line":93,"column":8},"end":{"line":93,"column":null}},"34":{"start":{"line":96,"column":6},"end":{"line":96,"column":null}},"35":{"start":{"line":97,"column":6},"end":{"line":97,"column":null}},"36":{"start":{"line":99,"column":6},"end":{"line":105,"column":null}},"37":{"start":{"line":108,"column":4},"end":{"line":108,"column":null}},"38":{"start":{"line":109,"column":4},"end":{"line":109,"column":null}},"39":{"start":{"line":111,"column":4},"end":{"line":115,"column":null}},"40":{"start":{"line":117,"column":4},"end":{"line":117,"column":null}},"41":{"start":{"line":118,"column":4},"end":{"line":122,"column":null}},"42":{"start":{"line":126,"column":30},"end":{"line":184,"column":1}},"43":{"start":{"line":127,"column":2},"end":{"line":183,"column":null}},"44":{"start":{"line":128,"column":27},"end":{"line":128,"column":37}},"45":{"start":{"line":129,"column":25},"end":{"line":129,"column":33}},"46":{"start":{"line":131,"column":4},"end":{"line":137,"column":null}},"47":{"start":{"line":132,"column":6},"end":{"line":135,"column":null}},"48":{"start":{"line":136,"column":6},"end":{"line":136,"column":null}},"49":{"start":{"line":139,"column":17},"end":{"line":139,"column":57}},"50":{"start":{"line":141,"column":4},"end":{"line":147,"column":null}},"51":{"start":{"line":142,"column":6},"end":{"line":145,"column":null}},"52":{"start":{"line":146,"column":6},"end":{"line":146,"column":null}},"53":{"start":{"line":149,"column":22},"end":{"line":151,"column":5}},"54":{"start":{"line":150,"column":16},"end":{"line":150,"column":55}},"55":{"start":{"line":153,"column":4},"end":{"line":159,"column":null}},"56":{"start":{"line":154,"column":6},"end":{"line":157,"column":null}},"57":{"start":{"line":158,"column":6},"end":{"line":158,"column":null}},"58":{"start":{"line":161,"column":4},"end":{"line":166,"column":null}},"59":{"start":{"line":162,"column":6},"end":{"line":162,"column":null}},"60":{"start":{"line":164,"column":6},"end":{"line":164,"column":null}},"61":{"start":{"line":165,"column":6},"end":{"line":165,"column":null}},"62":{"start":{"line":168,"column":4},"end":{"line":168,"column":null}},"63":{"start":{"line":169,"column":4},"end":{"line":169,"column":null}},"64":{"start":{"line":171,"column":4},"end":{"line":175,"column":null}},"65":{"start":{"line":177,"column":4},"end":{"line":177,"column":null}},"66":{"start":{"line":178,"column":4},"end":{"line":182,"column":null}},"67":{"start":{"line":186,"column":30},"end":{"line":220,"column":1}},"68":{"start":{"line":187,"column":2},"end":{"line":219,"column":null}},"69":{"start":{"line":188,"column":27},"end":{"line":188,"column":37}},"70":{"start":{"line":190,"column":17},"end":{"line":190,"column":57}},"71":{"start":{"line":192,"column":4},"end":{"line":198,"column":null}},"72":{"start":{"line":193,"column":6},"end":{"line":196,"column":null}},"73":{"start":{"line":197,"column":6},"end":{"line":197,"column":null}},"74":{"start":{"line":200,"column":4},"end":{"line":202,"column":null}},"75":{"start":{"line":201,"column":16},"end":{"line":201,"column":55}},"76":{"start":{"line":204,"column":4},"end":{"line":204,"column":null}},"77":{"start":{"line":205,"column":4},"end":{"line":205,"column":null}},"78":{"start":{"line":207,"column":4},"end":{"line":211,"column":null}},"79":{"start":{"line":213,"column":4},"end":{"line":213,"column":null}},"80":{"start":{"line":214,"column":4},"end":{"line":218,"column":null}},"81":{"start":{"line":222,"column":25},"end":{"line":251,"column":1}},"82":{"start":{"line":223,"column":2},"end":{"line":250,"column":null}},"83":{"start":{"line":224,"column":17},"end":{"line":224,"column":57}},"84":{"start":{"line":226,"column":4},"end":{"line":232,"column":null}},"85":{"start":{"line":227,"column":6},"end":{"line":230,"column":null}},"86":{"start":{"line":231,"column":6},"end":{"line":231,"column":null}},"87":{"start":{"line":234,"column":4},"end":{"line":234,"column":null}},"88":{"start":{"line":235,"column":4},"end":{"line":235,"column":null}},"89":{"start":{"line":236,"column":4},"end":{"line":236,"column":null}},"90":{"start":{"line":238,"column":4},"end":{"line":242,"column":null}},"91":{"start":{"line":244,"column":4},"end":{"line":244,"column":null}},"92":{"start":{"line":245,"column":4},"end":{"line":249,"column":null}}},"fnMap":{"0":{"name":"(anonymous_0)","decl":{"start":{"line":4,"column":23},"end":{"line":4,"column":28}},"loc":{"start":{"line":4,"column":43},"end":{"line":31,"column":1}},"line":4},"1":{"name":"(anonymous_1)","decl":{"start":{"line":33,"column":25},"end":{"line":33,"column":30}},"loc":{"start":{"line":33,"column":45},"end":{"line":124,"column":1}},"line":33},"2":{"name":"(anonymous_2)","decl":{"start":{"line":82,"column":6},"end":{"line":82,"column":7}},"loc":{"start":{"line":82,"column":16},"end":{"line":82,"column":55}},"line":82},"3":{"name":"(anonymous_3)","decl":{"start":{"line":126,"column":30},"end":{"line":126,"column":35}},"loc":{"start":{"line":126,"column":50},"end":{"line":184,"column":1}},"line":126},"4":{"name":"(anonymous_4)","decl":{"start":{"line":150,"column":6},"end":{"line":150,"column":7}},"loc":{"start":{"line":150,"column":16},"end":{"line":150,"column":55}},"line":150},"5":{"name":"(anonymous_5)","decl":{"start":{"line":186,"column":30},"end":{"line":186,"column":35}},"loc":{"start":{"line":186,"column":50},"end":{"line":220,"column":1}},"line":186},"6":{"name":"(anonymous_6)","decl":{"start":{"line":201,"column":6},"end":{"line":201,"column":7}},"loc":{"start":{"line":201,"column":16},"end":{"line":201,"column":55}},"line":201},"7":{"name":"(anonymous_7)","decl":{"start":{"line":222,"column":25},"end":{"line":222,"column":30}},"loc":{"start":{"line":222,"column":45},"end":{"line":251,"column":1}},"line":222}},"branchMap":{"0":{"loc":{"start":{"line":11,"column":4},"end":{"line":17,"column":null}},"type":"if","locations":[{"start":{"line":11,"column":4},"end":{"line":17,"column":null}},{"start":{},"end":{}}],"line":11},"1":{"loc":{"start":{"line":35,"column":24},"end":{"line":35,"column":36}},"type":"default-arg","locations":[{"start":{"line":35,"column":35},"end":{"line":35,"column":36}}],"line":35},"2":{"loc":{"start":{"line":37,"column":4},"end":{"line":43,"column":null}},"type":"if","locations":[{"start":{"line":37,"column":4},"end":{"line":43,"column":null}},{"start":{},"end":{}}],"line":37},"3":{"loc":{"start":{"line":45,"column":4},"end":{"line":51,"column":null}},"type":"if","locations":[{"start":{"line":45,"column":4},"end":{"line":51,"column":null}},{"start":{},"end":{}}],"line":45},"4":{"loc":{"start":{"line":45,"column":8},"end":{"line":45,"column":37}},"type":"binary-expr","locations":[{"start":{"line":45,"column":8},"end":{"line":45,"column":20}},{"start":{"line":45,"column":24},"end":{"line":45,"column":37}}],"line":45},"5":{"loc":{"start":{"line":55,"column":4},"end":{"line":61,"column":null}},"type":"if","locations":[{"start":{"line":55,"column":4},"end":{"line":61,"column":null}},{"start":{},"end":{}}],"line":55},"6":{"loc":{"start":{"line":63,"column":4},"end":{"line":69,"column":null}},"type":"if","locations":[{"start":{"line":63,"column":4},"end":{"line":69,"column":null}},{"start":{},"end":{}}],"line":63},"7":{"loc":{"start":{"line":73,"column":4},"end":{"line":79,"column":null}},"type":"if","locations":[{"start":{"line":73,"column":4},"end":{"line":79,"column":null}},{"start":{},"end":{}}],"line":73},"8":{"loc":{"start":{"line":85,"column":4},"end":{"line":106,"column":null}},"type":"if","locations":[{"start":{"line":85,"column":4},"end":{"line":106,"column":null}},{"start":{"line":98,"column":11},"end":{"line":106,"column":null}}],"line":85},"9":{"loc":{"start":{"line":88,"column":6},"end":{"line":94,"column":null}},"type":"if","locations":[{"start":{"line":88,"column":6},"end":{"line":94,"column":null}},{"start":{},"end":{}}],"line":88},"10":{"loc":{"start":{"line":131,"column":4},"end":{"line":137,"column":null}},"type":"if","locations":[{"start":{"line":131,"column":4},"end":{"line":137,"column":null}},{"start":{},"end":{}}],"line":131},"11":{"loc":{"start":{"line":131,"column":8},"end":{"line":131,"column":63}},"type":"binary-expr","locations":[{"start":{"line":131,"column":8},"end":{"line":131,"column":30}},{"start":{"line":131,"column":34},"end":{"line":131,"column":46}},{"start":{"line":131,"column":50},"end":{"line":131,"column":63}}],"line":131},"12":{"loc":{"start":{"line":141,"column":4},"end":{"line":147,"column":null}},"type":"if","locations":[{"start":{"line":141,"column":4},"end":{"line":147,"column":null}},{"start":{},"end":{}}],"line":141},"13":{"loc":{"start":{"line":153,"column":4},"end":{"line":159,"column":null}},"type":"if","locations":[{"start":{"line":153,"column":4},"end":{"line":159,"column":null}},{"start":{},"end":{}}],"line":153},"14":{"loc":{"start":{"line":161,"column":4},"end":{"line":166,"column":null}},"type":"if","locations":[{"start":{"line":161,"column":4},"end":{"line":166,"column":null}},{"start":{"line":163,"column":11},"end":{"line":166,"column":null}}],"line":161},"15":{"loc":{"start":{"line":192,"column":4},"end":{"line":198,"column":null}},"type":"if","locations":[{"start":{"line":192,"column":4},"end":{"line":198,"column":null}},{"start":{},"end":{}}],"line":192},"16":{"loc":{"start":{"line":226,"column":4},"end":{"line":232,"column":null}},"type":"if","locations":[{"start":{"line":226,"column":4},"end":{"line":232,"column":null}},{"start":{},"end":{}}],"line":226}},"s":{"0":9,"1":2,"2":2,"3":2,"4":1,"5":2,"6":0,"7":0,"8":9,"9":5,"10":5,"11":5,"12":0,"13":0,"14":5,"15":1,"16":1,"17":4,"18":4,"19":0,"20":0,"21":4,"22":0,"23":0,"24":4,"25":4,"26":4,"27":4,"28":0,"29":4,"30":0,"31":0,"32":0,"33":0,"34":0,"35":0,"36":4,"37":4,"38":4,"39":4,"40":0,"41":0,"42":9,"43":1,"44":1,"45":1,"46":1,"47":0,"48":0,"49":1,"50":1,"51":0,"52":0,"53":1,"54":1,"55":1,"56":0,"57":0,"58":1,"59":0,"60":1,"61":1,"62":1,"63":1,"64":1,"65":0,"66":0,"67":9,"68":1,"69":1,"70":1,"71":1,"72":0,"73":0,"74":1,"75":1,"76":1,"77":1,"78":1,"79":0,"80":0,"81":9,"82":1,"83":1,"84":1,"85":0,"86":0,"87":1,"88":1,"89":1,"90":1,"91":0,"92":0},"f":{"0":2,"1":5,"2":0,"3":1,"4":1,"5":1,"6":1,"7":1},"b":{"0":[1,1],"1":[5],"2":[0,5],"3":[1,4],"4":[5,5],"5":[0,4],"6":[0,4],"7":[4,0],"8":[0,4],"9":[0,0],"10":[0,1],"11":[1,1,1],"12":[0,1],"13":[0,1],"14":[0,1],"15":[0,1],"16":[0,1]},"meta":{"lastBranch":17,"lastFunction":8,"lastStatement":93,"seen":{"s:4:23:31:1":0,"f:4:23:4:28":0,"s:5:2:30:Infinity":1,"s:6:15:9:5":2,"b:11:4:17:Infinity:undefined:undefined:undefined:undefined":0,"s:11:4:17:Infinity":3,"s:12:6:16:Infinity":4,"s:19:4:22:Infinity":5,"s:24:4:24:Infinity":6,"s:25:4:29:Infinity":7,"s:33:25:124:1":8,"f:33:25:33:30":1,"s:34:2:123:Infinity":9,"s:35:41:35:49":10,"b:35:35:35:36":1,"b:37:4:43:Infinity:undefined:undefined:undefined:undefined":2,"s:37:4:43:Infinity":11,"s:38:6:41:Infinity":12,"s:42:6:42:Infinity":13,"b:45:4:51:Infinity:undefined:undefined:undefined:undefined":3,"s:45:4:51:Infinity":14,"b:45:8:45:20:45:24:45:37":4,"s:46:6:49:Infinity":15,"s:50:6:50:Infinity":16,"s:53:21:53:56":17,"b:55:4:61:Infinity:undefined:undefined:undefined:undefined":5,"s:55:4:61:Infinity":18,"s:56:6:59:Infinity":19,"s:60:6:60:Infinity":20,"b:63:4:69:Infinity:undefined:undefined:undefined:undefined":6,"s:63:4:69:Infinity":21,"s:64:6:67:Infinity":22,"s:68:6:68:Infinity":23,"s:71:15:71:55":24,"b:73:4:79:Infinity:undefined:undefined:undefined:undefined":7,"s:73:4:79:Infinity":25,"s:74:6:78:Infinity":26,"s:81:30:83:5":27,"f:82:6:82:7":2,"s:82:16:82:55":28,"b:85:4:106:Infinity:98:11:106:Infinity":8,"s:85:4:106:Infinity":29,"s:86:26:86:75":30,"b:88:6:94:Infinity:undefined:undefined:undefined:undefined":9,"s:88:6:94:Infinity":31,"s:89:8:92:Infinity":32,"s:93:8:93:Infinity":33,"s:96:6:96:Infinity":34,"s:97:6:97:Infinity":35,"s:99:6:105:Infinity":36,"s:108:4:108:Infinity":37,"s:109:4:109:Infinity":38,"s:111:4:115:Infinity":39,"s:117:4:117:Infinity":40,"s:118:4:122:Infinity":41,"s:126:30:184:1":42,"f:126:30:126:35":3,"s:127:2:183:Infinity":43,"s:128:27:128:37":44,"s:129:25:129:33":45,"b:131:4:137:Infinity:undefined:undefined:undefined:undefined":10,"s:131:4:137:Infinity":46,"b:131:8:131:30:131:34:131:46:131:50:131:63":11,"s:132:6:135:Infinity":47,"s:136:6:136:Infinity":48,"s:139:17:139:57":49,"b:141:4:147:Infinity:undefined:undefined:undefined:undefined":12,"s:141:4:147:Infinity":50,"s:142:6:145:Infinity":51,"s:146:6:146:Infinity":52,"s:149:22:151:5":53,"f:150:6:150:7":4,"s:150:16:150:55":54,"b:153:4:159:Infinity:undefined:undefined:undefined:undefined":13,"s:153:4:159:Infinity":55,"s:154:6:157:Infinity":56,"s:158:6:158:Infinity":57,"b:161:4:166:Infinity:163:11:166:Infinity":14,"s:161:4:166:Infinity":58,"s:162:6:162:Infinity":59,"s:164:6:164:Infinity":60,"s:165:6:165:Infinity":61,"s:168:4:168:Infinity":62,"s:169:4:169:Infinity":63,"s:171:4:175:Infinity":64,"s:177:4:177:Infinity":65,"s:178:4:182:Infinity":66,"s:186:30:220:1":67,"f:186:30:186:35":5,"s:187:2:219:Infinity":68,"s:188:27:188:37":69,"s:190:17:190:57":70,"b:192:4:198:Infinity:undefined:undefined:undefined:undefined":15,"s:192:4:198:Infinity":71,"s:193:6:196:Infinity":72,"s:197:6:197:Infinity":73,"s:200:4:202:Infinity":74,"f:201:6:201:7":6,"s:201:16:201:55":75,"s:204:4:204:Infinity":76,"s:205:4:205:Infinity":77,"s:207:4:211:Infinity":78,"s:213:4:213:Infinity":79,"s:214:4:218:Infinity":80,"s:222:25:251:1":81,"f:222:25:222:30":7,"s:223:2:250:Infinity":82,"s:224:17:224:57":83,"b:226:4:232:Infinity:undefined:undefined:undefined:undefined":16,"s:226:4:232:Infinity":84,"s:227:6:230:Infinity":85,"s:231:6:231:Infinity":86,"s:234:4:234:Infinity":87,"s:235:4:235:Infinity":88,"s:236:4:236:Infinity":89,"s:238:4:242:Infinity":90,"s:244:4:244:Infinity":91,"s:245:4:249:Infinity":92}}}
,"/home/nur/Downloads/Software Development 3/food-delivery-backend/src/controllers/menu.controller.js": {"path":"/home/nur/Downloads/Software Development 3/food-delivery-backend/src/controllers/menu.controller.js","statementMap":{"0":{"start":{"line":4,"column":28},"end":{"line":67,"column":1}},"1":{"start":{"line":5,"column":2},"end":{"line":66,"column":null}},"2":{"start":{"line":14,"column":8},"end":{"line":14,"column":17}},"3":{"start":{"line":16,"column":18},"end":{"line":16,"column":20}},"4":{"start":{"line":18,"column":4},"end":{"line":20,"column":null}},"5":{"start":{"line":19,"column":6},"end":{"line":19,"column":null}},"6":{"start":{"line":22,"column":4},"end":{"line":26,"column":null}},"7":{"start":{"line":23,"column":6},"end":{"line":23,"column":null}},"8":{"start":{"line":24,"column":6},"end":{"line":24,"column":null}},"9":{"start":{"line":24,"column":20},"end":{"line":24,"column":null}},"10":{"start":{"line":25,"column":6},"end":{"line":25,"column":null}},"11":{"start":{"line":25,"column":20},"end":{"line":25,"column":null}},"12":{"start":{"line":28,"column":4},"end":{"line":30,"column":null}},"13":{"start":{"line":29,"column":6},"end":{"line":29,"column":null}},"14":{"start":{"line":32,"column":4},"end":{"line":37,"column":null}},"15":{"start":{"line":33,"column":6},"end":{"line":36,"column":null}},"16":{"start":{"line":39,"column":20},"end":{"line":39,"column":46}},"17":{"start":{"line":40,"column":21},"end":{"line":40,"column":48}},"18":{"start":{"line":41,"column":17},"end":{"line":41,"column":41}},"19":{"start":{"line":43,"column":22},"end":{"line":47,"column":24}},"20":{"start":{"line":49,"column":18},"end":{"line":49,"column":54}},"21":{"start":{"line":51,"column":4},"end":{"line":58,"column":null}},"22":{"start":{"line":60,"column":4},"end":{"line":60,"column":null}},"23":{"start":{"line":61,"column":4},"end":{"line":65,"column":null}},"24":{"start":{"line":69,"column":27},"end":{"line":96,"column":1}},"25":{"start":{"line":70,"column":2},"end":{"line":95,"column":null}},"26":{"start":{"line":71,"column":21},"end":{"line":74,"column":5}},"27":{"start":{"line":76,"column":4},"end":{"line":82,"column":null}},"28":{"start":{"line":77,"column":6},"end":{"line":80,"column":null}},"29":{"start":{"line":81,"column":6},"end":{"line":81,"column":null}},"30":{"start":{"line":84,"column":4},"end":{"line":87,"column":null}},"31":{"start":{"line":89,"column":4},"end":{"line":89,"column":null}},"32":{"start":{"line":90,"column":4},"end":{"line":94,"column":null}},"33":{"start":{"line":98,"column":29},"end":{"line":115,"column":1}},"34":{"start":{"line":99,"column":2},"end":{"line":114,"column":null}},"35":{"start":{"line":100,"column":23},"end":{"line":100,"column":62}},"36":{"start":{"line":102,"column":4},"end":{"line":106,"column":null}},"37":{"start":{"line":108,"column":4},"end":{"line":108,"column":null}},"38":{"start":{"line":109,"column":4},"end":{"line":113,"column":null}},"39":{"start":{"line":117,"column":31},"end":{"line":154,"column":1}},"40":{"start":{"line":118,"column":2},"end":{"line":153,"column":null}},"41":{"start":{"line":119,"column":18},"end":{"line":119,"column":27}},"42":{"start":{"line":121,"column":4},"end":{"line":127,"column":null}},"43":{"start":{"line":122,"column":6},"end":{"line":125,"column":null}},"44":{"start":{"line":126,"column":6},"end":{"line":126,"column":null}},"45":{"start":{"line":129,"column":22},"end":{"line":129,"column":31}},"46":{"start":{"line":131,"column":22},"end":{"line":139,"column":16}},"47":{"start":{"line":141,"column":4},"end":{"line":145,"column":null}},"48":{"start":{"line":147,"column":4},"end":{"line":147,"column":null}},"49":{"start":{"line":148,"column":4},"end":{"line":152,"column":null}}},"fnMap":{"0":{"name":"(anonymous_0)","decl":{"start":{"line":4,"column":28},"end":{"line":4,"column":33}},"loc":{"start":{"line":4,"column":48},"end":{"line":67,"column":1}},"line":4},"1":{"name":"(anonymous_1)","decl":{"start":{"line":69,"column":27},"end":{"line":69,"column":32}},"loc":{"start":{"line":69,"column":47},"end":{"line":96,"column":1}},"line":69},"2":{"name":"(anonymous_2)","decl":{"start":{"line":98,"column":29},"end":{"line":98,"column":34}},"loc":{"start":{"line":98,"column":49},"end":{"line":115,"column":1}},"line":98},"3":{"name":"(anonymous_3)","decl":{"start":{"line":117,"column":31},"end":{"line":117,"column":36}},"loc":{"start":{"line":117,"column":51},"end":{"line":154,"column":1}},"line":117}},"branchMap":{"0":{"loc":{"start":{"line":12,"column":6},"end":{"line":12,"column":14}},"type":"default-arg","locations":[{"start":{"line":12,"column":13},"end":{"line":12,"column":14}}],"line":12},"1":{"loc":{"start":{"line":13,"column":6},"end":{"line":13,"column":16}},"type":"default-arg","locations":[{"start":{"line":13,"column":14},"end":{"line":13,"column":16}}],"line":13},"2":{"loc":{"start":{"line":18,"column":4},"end":{"line":20,"column":null}},"type":"if","locations":[{"start":{"line":18,"column":4},"end":{"line":20,"column":null}},{"start":{},"end":{}}],"line":18},"3":{"loc":{"start":{"line":22,"column":4},"end":{"line":26,"column":null}},"type":"if","locations":[{"start":{"line":22,"column":4},"end":{"line":26,"column":null}},{"start":{},"end":{}}],"line":22},"4":{"loc":{"start":{"line":22,"column":8},"end":{"line":22,"column":28}},"type":"binary-expr","locations":[{"start":{"line":22,"column":8},"end":{"line":22,"column":16}},{"start":{"line":22,"column":20},"end":{"line":22,"column":28}}],"line":22},"5":{"loc":{"start":{"line":24,"column":6},"end":{"line":24,"column":null}},"type":"if","locations":[{"start":{"line":24,"column":6},"end":{"line":24,"column":null}},{"start":{},"end":{}}],"line":24},"6":{"loc":{"start":{"line":25,"column":6},"end":{"line":25,"column":null}},"type":"if","locations":[{"start":{"line":25,"column":6},"end":{"line":25,"column":null}},{"start":{},"end":{}}],"line":25},"7":{"loc":{"start":{"line":28,"column":4},"end":{"line":30,"column":null}},"type":"if","locations":[{"start":{"line":28,"column":4},"end":{"line":30,"column":null}},{"start":{},"end":{}}],"line":28},"8":{"loc":{"start":{"line":32,"column":4},"end":{"line":37,"column":null}},"type":"if","locations":[{"start":{"line":32,"column":4},"end":{"line":37,"column":null}},{"start":{},"end":{}}],"line":32},"9":{"loc":{"start":{"line":76,"column":4},"end":{"line":82,"column":null}},"type":"if","locations":[{"start":{"line":76,"column":4},"end":{"line":82,"column":null}},{"start":{},"end":{}}],"line":76},"10":{"loc":{"start":{"line":121,"column":4},"end":{"line":127,"column":null}},"type":"if","locations":[{"start":{"line":121,"column":4},"end":{"line":127,"column":null}},{"start":{},"end":{}}],"line":121}},"s":{"0":9,"1":2,"2":2,"3":2,"4":2,"5":1,"6":2,"7":1,"8":1,"9":1,"10":1,"11":1,"12":2,"13":0,"14":2,"15":0,"16":2,"17":2,"18":2,"19":2,"20":2,"21":2,"22":0,"23":0,"24":9,"25":1,"26":1,"27":1,"28":0,"29":0,"30":1,"31":0,"32":0,"33":9,"34":1,"35":1,"36":1,"37":0,"38":0,"39":9,"40":2,"41":2,"42":2,"43":1,"44":1,"45":1,"46":1,"47":1,"48":0,"49":0},"f":{"0":2,"1":1,"2":1,"3":2},"b":{"0":[2],"1":[2],"2":[1,1],"3":[1,1],"4":[2,1],"5":[1,0],"6":[1,0],"7":[0,2],"8":[0,2],"9":[0,1],"10":[1,1]},"meta":{"lastBranch":11,"lastFunction":4,"lastStatement":50,"seen":{"s:4:28:67:1":0,"f:4:28:4:33":0,"s:5:2:66:Infinity":1,"s:14:8:14:17":2,"b:12:13:12:14":0,"b:13:14:13:16":1,"s:16:18:16:20":3,"b:18:4:20:Infinity:undefined:undefined:undefined:undefined":2,"s:18:4:20:Infinity":4,"s:19:6:19:Infinity":5,"b:22:4:26:Infinity:undefined:undefined:undefined:undefined":3,"s:22:4:26:Infinity":6,"b:22:8:22:16:22:20:22:28":4,"s:23:6:23:Infinity":7,"b:24:6:24:Infinity:undefined:undefined:undefined:undefined":5,"s:24:6:24:Infinity":8,"s:24:20:24:Infinity":9,"b:25:6:25:Infinity:undefined:undefined:undefined:undefined":6,"s:25:6:25:Infinity":10,"s:25:20:25:Infinity":11,"b:28:4:30:Infinity:undefined:undefined:undefined:undefined":7,"s:28:4:30:Infinity":12,"s:29:6:29:Infinity":13,"b:32:4:37:Infinity:undefined:undefined:undefined:undefined":8,"s:32:4:37:Infinity":14,"s:33:6:36:Infinity":15,"s:39:20:39:46":16,"s:40:21:40:48":17,"s:41:17:41:41":18,"s:43:22:47:24":19,"s:49:18:49:54":20,"s:51:4:58:Infinity":21,"s:60:4:60:Infinity":22,"s:61:4:65:Infinity":23,"s:69:27:96:1":24,"f:69:27:69:32":1,"s:70:2:95:Infinity":25,"s:71:21:74:5":26,"b:76:4:82:Infinity:undefined:undefined:undefined:undefined":9,"s:76:4:82:Infinity":27,"s:77:6:80:Infinity":28,"s:81:6:81:Infinity":29,"s:84:4:87:Infinity":30,"s:89:4:89:Infinity":31,"s:90:4:94:Infinity":32,"s:98:29:115:1":33,"f:98:29:98:34":2,"s:99:2:114:Infinity":34,"s:100:23:100:62":35,"s:102:4:106:Infinity":36,"s:108:4:108:Infinity":37,"s:109:4:113:Infinity":38,"s:117:31:154:1":39,"f:117:31:117:36":3,"s:118:2:153:Infinity":40,"s:119:18:119:27":41,"b:121:4:127:Infinity:undefined:undefined:undefined:undefined":10,"s:121:4:127:Infinity":42,"s:122:6:125:Infinity":43,"s:126:6:126:Infinity":44,"s:129:22:129:31":45,"s:131:22:139:16":46,"s:141:4:145:Infinity":47,"s:147:4:147:Infinity":48,"s:148:4:152:Infinity":49}}}
,"/home/nur/Downloads/Software Development 3/food-delivery-backend/src/controllers/order.controller.js": {"path":"/home/nur/Downloads/Software Development 3/food-delivery-backend/src/controllers/order.controller.js","statementMap":{"0":{"start":{"line":9,"column":26},"end":{"line":96,"column":1}},"1":{"start":{"line":10,"column":2},"end":{"line":95,"column":null}},"2":{"start":{"line":11,"column":36},"end":{"line":11,"column":44}},"3":{"start":{"line":14,"column":17},"end":{"line":16,"column":5}},"4":{"start":{"line":18,"column":4},"end":{"line":23,"column":null}},"5":{"start":{"line":19,"column":6},"end":{"line":22,"column":null}},"6":{"start":{"line":26,"column":4},"end":{"line":34,"column":null}},"7":{"start":{"line":27,"column":23},"end":{"line":27,"column":65}},"8":{"start":{"line":28,"column":6},"end":{"line":33,"column":null}},"9":{"start":{"line":29,"column":8},"end":{"line":32,"column":null}},"10":{"start":{"line":37,"column":26},"end":{"line":42,"column":5}},"11":{"start":{"line":39,"column":8},"end":{"line":39,"column":null}},"12":{"start":{"line":44,"column":31},"end":{"line":44,"column":79}},"13":{"start":{"line":47,"column":18},"end":{"line":61,"column":6}},"14":{"start":{"line":49,"column":39},"end":{"line":55,"column":7}},"15":{"start":{"line":64,"column":4},"end":{"line":64,"column":null}},"16":{"start":{"line":65,"column":4},"end":{"line":65,"column":null}},"17":{"start":{"line":66,"column":4},"end":{"line":66,"column":null}},"18":{"start":{"line":69,"column":4},"end":{"line":69,"column":null}},"19":{"start":{"line":72,"column":3},"end":{"line":81,"column":null}},"20":{"start":{"line":81,"column":21},"end":{"line":81,"column":55}},"21":{"start":{"line":83,"column":4},"end":{"line":87,"column":null}},"22":{"start":{"line":89,"column":4},"end":{"line":89,"column":null}},"23":{"start":{"line":90,"column":4},"end":{"line":94,"column":null}},"24":{"start":{"line":98,"column":29},"end":{"line":133,"column":1}},"25":{"start":{"line":99,"column":2},"end":{"line":132,"column":null}},"26":{"start":{"line":100,"column":45},"end":{"line":100,"column":54}},"27":{"start":{"line":102,"column":18},"end":{"line":102,"column":38}},"28":{"start":{"line":103,"column":4},"end":{"line":105,"column":null}},"29":{"start":{"line":104,"column":6},"end":{"line":104,"column":null}},"30":{"start":{"line":107,"column":17},"end":{"line":107,"column":55}},"31":{"start":{"line":109,"column":19},"end":{"line":113,"column":50}},"32":{"start":{"line":115,"column":18},"end":{"line":115,"column":51}},"33":{"start":{"line":117,"column":4},"end":{"line":124,"column":null}},"34":{"start":{"line":126,"column":4},"end":{"line":126,"column":null}},"35":{"start":{"line":127,"column":4},"end":{"line":131,"column":null}},"36":{"start":{"line":135,"column":24},"end":{"line":161,"column":1}},"37":{"start":{"line":136,"column":2},"end":{"line":160,"column":null}},"38":{"start":{"line":137,"column":18},"end":{"line":140,"column":50}},"39":{"start":{"line":142,"column":4},"end":{"line":147,"column":null}},"40":{"start":{"line":143,"column":6},"end":{"line":146,"column":null}},"41":{"start":{"line":149,"column":4},"end":{"line":152,"column":null}},"42":{"start":{"line":154,"column":4},"end":{"line":154,"column":null}},"43":{"start":{"line":155,"column":4},"end":{"line":159,"column":null}},"44":{"start":{"line":163,"column":27},"end":{"line":201,"column":1}},"45":{"start":{"line":164,"column":2},"end":{"line":200,"column":null}},"46":{"start":{"line":165,"column":18},"end":{"line":168,"column":6}},"47":{"start":{"line":170,"column":4},"end":{"line":175,"column":null}},"48":{"start":{"line":171,"column":6},"end":{"line":174,"column":null}},"49":{"start":{"line":178,"column":4},"end":{"line":183,"column":null}},"50":{"start":{"line":179,"column":6},"end":{"line":182,"column":null}},"51":{"start":{"line":185,"column":4},"end":{"line":185,"column":null}},"52":{"start":{"line":186,"column":4},"end":{"line":186,"column":null}},"53":{"start":{"line":188,"column":4},"end":{"line":192,"column":null}},"54":{"start":{"line":194,"column":4},"end":{"line":194,"column":null}},"55":{"start":{"line":195,"column":4},"end":{"line":199,"column":null}},"56":{"start":{"line":204,"column":28},"end":{"line":260,"column":1}},"57":{"start":{"line":205,"column":2},"end":{"line":259,"column":null}},"58":{"start":{"line":206,"column":65},"end":{"line":206,"column":74}},"59":{"start":{"line":208,"column":18},"end":{"line":208,"column":20}},"60":{"start":{"line":210,"column":4},"end":{"line":212,"column":null}},"61":{"start":{"line":211,"column":6},"end":{"line":211,"column":null}},"62":{"start":{"line":214,"column":4},"end":{"line":218,"column":null}},"63":{"start":{"line":215,"column":6},"end":{"line":215,"column":null}},"64":{"start":{"line":216,"column":6},"end":{"line":216,"column":null}},"65":{"start":{"line":216,"column":21},"end":{"line":216,"column":null}},"66":{"start":{"line":217,"column":6},"end":{"line":217,"column":null}},"67":{"start":{"line":217,"column":19},"end":{"line":217,"column":null}},"68":{"start":{"line":220,"column":17},"end":{"line":220,"column":55}},"69":{"start":{"line":222,"column":19},"end":{"line":227,"column":41}},"70":{"start":{"line":229,"column":18},"end":{"line":229,"column":51}},"71":{"start":{"line":232,"column":18},"end":{"line":241,"column":6}},"72":{"start":{"line":243,"column":4},"end":{"line":251,"column":null}},"73":{"start":{"line":253,"column":4},"end":{"line":253,"column":null}},"74":{"start":{"line":254,"column":4},"end":{"line":258,"column":null}},"75":{"start":{"line":262,"column":33},"end":{"line":326,"column":1}},"76":{"start":{"line":263,"column":2},"end":{"line":325,"column":null}},"77":{"start":{"line":264,"column":23},"end":{"line":264,"column":31}},"78":{"start":{"line":267,"column":26},"end":{"line":273,"column":5}},"79":{"start":{"line":274,"column":4},"end":{"line":279,"column":null}},"80":{"start":{"line":275,"column":6},"end":{"line":278,"column":null}},"81":{"start":{"line":281,"column":18},"end":{"line":284,"column":5}},"82":{"start":{"line":286,"column":4},"end":{"line":291,"column":null}},"83":{"start":{"line":287,"column":6},"end":{"line":290,"column":null}},"84":{"start":{"line":293,"column":22},"end":{"line":293,"column":34}},"85":{"start":{"line":294,"column":4},"end":{"line":294,"column":null}},"86":{"start":{"line":297,"column":4},"end":{"line":299,"column":null}},"87":{"start":{"line":298,"column":6},"end":{"line":298,"column":null}},"88":{"start":{"line":301,"column":4},"end":{"line":301,"column":null}},"89":{"start":{"line":304,"column":4},"end":{"line":311,"column":null}},"90":{"start":{"line":305,"column":5},"end":{"line":310,"column":null}},"91":{"start":{"line":310,"column":23},"end":{"line":310,"column":57}},"92":{"start":{"line":313,"column":4},"end":{"line":317,"column":null}},"93":{"start":{"line":319,"column":4},"end":{"line":319,"column":null}},"94":{"start":{"line":320,"column":4},"end":{"line":324,"column":null}},"95":{"start":{"line":328,"column":29},"end":{"line":420,"column":1}},"96":{"start":{"line":329,"column":2},"end":{"line":419,"column":null}},"97":{"start":{"line":330,"column":35},"end":{"line":330,"column":44}},"98":{"start":{"line":332,"column":23},"end":{"line":332,"column":25}},"99":{"start":{"line":333,"column":4},"end":{"line":337,"column":null}},"100":{"start":{"line":334,"column":6},"end":{"line":334,"column":null}},"101":{"start":{"line":335,"column":6},"end":{"line":335,"column":null}},"102":{"start":{"line":335,"column":21},"end":{"line":335,"column":null}},"103":{"start":{"line":336,"column":6},"end":{"line":336,"column":null}},"104":{"start":{"line":336,"column":19},"end":{"line":336,"column":null}},"105":{"start":{"line":340,"column":18},"end":{"line":350,"column":6}},"106":{"start":{"line":353,"column":24},"end":{"line":361,"column":6}},"107":{"start":{"line":364,"column":25},"end":{"line":376,"column":6}},"108":{"start":{"line":379,"column":25},"end":{"line":397,"column":6}},"109":{"start":{"line":399,"column":4},"end":{"line":411,"column":null}},"110":{"start":{"line":413,"column":4},"end":{"line":413,"column":null}},"111":{"start":{"line":414,"column":4},"end":{"line":418,"column":null}}},"fnMap":{"0":{"name":"(anonymous_0)","decl":{"start":{"line":9,"column":26},"end":{"line":9,"column":31}},"loc":{"start":{"line":9,"column":46},"end":{"line":96,"column":1}},"line":9},"1":{"name":"(anonymous_1)","decl":{"start":{"line":38,"column":24},"end":{"line":38,"column":25}},"loc":{"start":{"line":38,"column":39},"end":{"line":40,"column":7}},"line":38},"2":{"name":"(anonymous_2)","decl":{"start":{"line":49,"column":28},"end":{"line":49,"column":29}},"loc":{"start":{"line":49,"column":39},"end":{"line":55,"column":7}},"line":49},"3":{"name":"(anonymous_3)","decl":{"start":{"line":81,"column":12},"end":{"line":81,"column":13}},"loc":{"start":{"line":81,"column":21},"end":{"line":81,"column":55}},"line":81},"4":{"name":"(anonymous_4)","decl":{"start":{"line":98,"column":29},"end":{"line":98,"column":34}},"loc":{"start":{"line":98,"column":49},"end":{"line":133,"column":1}},"line":98},"5":{"name":"(anonymous_5)","decl":{"start":{"line":135,"column":24},"end":{"line":135,"column":29}},"loc":{"start":{"line":135,"column":44},"end":{"line":161,"column":1}},"line":135},"6":{"name":"(anonymous_6)","decl":{"start":{"line":163,"column":27},"end":{"line":163,"column":32}},"loc":{"start":{"line":163,"column":47},"end":{"line":201,"column":1}},"line":163},"7":{"name":"(anonymous_7)","decl":{"start":{"line":204,"column":28},"end":{"line":204,"column":33}},"loc":{"start":{"line":204,"column":48},"end":{"line":260,"column":1}},"line":204},"8":{"name":"(anonymous_8)","decl":{"start":{"line":262,"column":33},"end":{"line":262,"column":38}},"loc":{"start":{"line":262,"column":53},"end":{"line":326,"column":1}},"line":262},"9":{"name":"(anonymous_9)","decl":{"start":{"line":310,"column":14},"end":{"line":310,"column":15}},"loc":{"start":{"line":310,"column":23},"end":{"line":310,"column":57}},"line":310},"10":{"name":"(anonymous_10)","decl":{"start":{"line":328,"column":29},"end":{"line":328,"column":34}},"loc":{"start":{"line":328,"column":49},"end":{"line":420,"column":1}},"line":328}},"branchMap":{"0":{"loc":{"start":{"line":18,"column":4},"end":{"line":23,"column":null}},"type":"if","locations":[{"start":{"line":18,"column":4},"end":{"line":23,"column":null}},{"start":{},"end":{}}],"line":18},"1":{"loc":{"start":{"line":18,"column":8},"end":{"line":18,"column":40}},"type":"binary-expr","locations":[{"start":{"line":18,"column":8},"end":{"line":18,"column":13}},{"start":{"line":18,"column":17},"end":{"line":18,"column":40}}],"line":18},"2":{"loc":{"start":{"line":28,"column":6},"end":{"line":33,"column":null}},"type":"if","locations":[{"start":{"line":28,"column":6},"end":{"line":33,"column":null}},{"start":{},"end":{}}],"line":28},"3":{"loc":{"start":{"line":28,"column":10},"end":{"line":28,"column":44}},"type":"binary-expr","locations":[{"start":{"line":28,"column":10},"end":{"line":28,"column":19}},{"start":{"line":28,"column":23},"end":{"line":28,"column":44}}],"line":28},"4":{"loc":{"start":{"line":39,"column":29},"end":{"line":39,"column":64}},"type":"binary-expr","locations":[{"start":{"line":39,"column":29},"end":{"line":39,"column":58}},{"start":{"line":39,"column":62},"end":{"line":39,"column":64}}],"line":39},"5":{"loc":{"start":{"line":58,"column":27},"end":{"line":58,"column":52}},"type":"binary-expr","locations":[{"start":{"line":58,"column":27},"end":{"line":58,"column":46}},{"start":{"line":58,"column":50},"end":{"line":58,"column":52}}],"line":58},"6":{"loc":{"start":{"line":100,"column":20},"end":{"line":100,"column":28}},"type":"default-arg","locations":[{"start":{"line":100,"column":27},"end":{"line":100,"column":28}}],"line":100},"7":{"loc":{"start":{"line":100,"column":30},"end":{"line":100,"column":40}},"type":"default-arg","locations":[{"start":{"line":100,"column":38},"end":{"line":100,"column":40}}],"line":100},"8":{"loc":{"start":{"line":103,"column":4},"end":{"line":105,"column":null}},"type":"if","locations":[{"start":{"line":103,"column":4},"end":{"line":105,"column":null}},{"start":{},"end":{}}],"line":103},"9":{"loc":{"start":{"line":142,"column":4},"end":{"line":147,"column":null}},"type":"if","locations":[{"start":{"line":142,"column":4},"end":{"line":147,"column":null}},{"start":{},"end":{}}],"line":142},"10":{"loc":{"start":{"line":170,"column":4},"end":{"line":175,"column":null}},"type":"if","locations":[{"start":{"line":170,"column":4},"end":{"line":175,"column":null}},{"start":{},"end":{}}],"line":170},"11":{"loc":{"start":{"line":178,"column":4},"end":{"line":183,"column":null}},"type":"if","locations":[{"start":{"line":178,"column":4},"end":{"line":183,"column":null}},{"start":{},"end":{}}],"line":178},"12":{"loc":{"start":{"line":206,"column":40},"end":{"line":206,"column":48}},"type":"default-arg","locations":[{"start":{"line":206,"column":47},"end":{"line":206,"column":48}}],"line":206},"13":{"loc":{"start":{"line":206,"column":50},"end":{"line":206,"column":60}},"type":"default-arg","locations":[{"start":{"line":206,"column":58},"end":{"line":206,"column":60}}],"line":206},"14":{"loc":{"start":{"line":210,"column":4},"end":{"line":212,"column":null}},"type":"if","locations":[{"start":{"line":210,"column":4},"end":{"line":212,"column":null}},{"start":{},"end":{}}],"line":210},"15":{"loc":{"start":{"line":214,"column":4},"end":{"line":218,"column":null}},"type":"if","locations":[{"start":{"line":214,"column":4},"end":{"line":218,"column":null}},{"start":{},"end":{}}],"line":214
[...]
,"/home/nur/Downloads/Software Development 3/food-delivery-backend/src/routes/user.routes.js": {"path":"/home/nur/Downloads/Software Development 3/food-delivery-backend/src/routes/user.routes.js","statementMap":{"0":{"start":{"line":13,"column":15},"end":{"line":13,"column":31}},"1":{"start":{"line":16,"column":0},"end":{"line":16,"column":null}},"2":{"start":{"line":18,"column":0},"end":{"line":18,"column":null}},"3":{"start":{"line":19,"column":0},"end":{"line":19,"column":null}},"4":{"start":{"line":20,"column":0},"end":{"line":20,"column":null}},"5":{"start":{"line":21,"column":0},"end":{"line":21,"column":null}},"6":{"start":{"line":24,"column":0},"end":{"line":24,"column":null}},"7":{"start":{"line":25,"column":0},"end":{"line":25,"column":null}}},"fnMap":{},"branchMap":{},"s":{"0":9,"1":9,"2":9,"3":9,"4":9,"5":9,"6":9,"7":9},"f":{},"b":{},"meta":{"lastBranch":0,"lastFunction":0,"lastStatement":8,"seen":{"s:13:15:13:31":0,"s:16:0:16:Infinity":1,"s:18:0:18:Infinity":2,"s:19:0:19:Infinity":3,"s:20:0:20:Infinity":4,"s:21:0:21:Infinity":5,"s:24:0:24:Infinity":6,"s:25:0:25:Infinity":7}}}
,"/home/nur/Downloads/Software Development 3/food-delivery-backend/src/utils/email.js": {"path":"/home/nur/Downloads/Software Development 3/food-delivery-backend/src/utils/email.js","statementMap":{"0":{"start":{"line":3,"column":26},"end":{"line":13,"column":1}},"1":{"start":{"line":4,"column":2},"end":{"line":12,"column":null}},"2":{"start":{"line":15,"column":25},"end":{"line":33,"column":1}},"3":{"start":{"line":16,"column":2},"end":{"line":32,"column":null}},"4":{"start":{"line":17,"column":24},"end":{"line":17,"column":43}},"5":{"start":{"line":19,"column":24},"end":{"line":25,"column":5}},"6":{"start":{"line":27,"column":4},"end":{"line":27,"column":null}},"7":{"start":{"line":28,"column":4},"end":{"line":28,"column":null}},"8":{"start":{"line":30,"column":4},"end":{"line":30,"column":null}},"9":{"start":{"line":31,"column":4},"end":{"line":31,"column":null}},"10":{"start":{"line":35,"column":38},"end":{"line":87,"column":1}},"11":{"start":{"line":36,"column":19},"end":{"line":36,"column":75}},"12":{"start":{"line":38,"column":18},"end":{"line":52,"column":3}},"13":{"start":{"line":54,"column":15},"end":{"line":79,"column":3}},"14":{"start":{"line":81,"column":2},"end":{"line":86,"column":null}},"15":{"start":{"line":89,"column":42},"end":{"line":115,"column":1}},"16":{"start":{"line":95,"column":18},"end":{"line":108,"column":3}},"17":{"start":{"line":110,"column":2},"end":{"line":114,"column":null}},"18":{"start":{"line":118,"column":42},"end":{"line":165,"column":1}},"19":{"start":{"line":124,"column":25},"end":{"line":129,"column":3}},"20":{"start":{"line":131,"column":18},"end":{"line":142,"column":3}},"21":{"start":{"line":144,"column":15},"end":{"line":157,"column":3}},"22":{"start":{"line":159,"column":2},"end":{"line":164,"column":null}}},"fnMap":{"0":{"name":"(anonymous_0)","decl":{"start":{"line":3,"column":26},"end":{"line":3,"column":27}},"loc":{"start":{"line":3,"column":32},"end":{"line":13,"column":1}},"line":3},"1":{"name":"(anonymous_1)","decl":{"start":{"line":15,"column":25},"end":{"line":15,"column":30}},"loc":{"start":{"line":15,"column":44},"end":{"line":33,"column":1}},"line":15},"2":{"name":"(anonymous_2)","decl":{"start":{"line":35,"column":38},"end":{"line":35,"column":43}},"loc":{"start":{"line":35,"column":73},"end":{"line":87,"column":1}},"line":35},"3":{"name":"(anonymous_3)","decl":{"start":{"line":89,"column":42},"end":{"line":89,"column":47}},"loc":{"start":{"line":94,"column":5},"end":{"line":115,"column":1}},"line":94},"4":{"name":"(anonymous_4)","decl":{"start":{"line":118,"column":42},"end":{"line":118,"column":47}},"loc":{"start":{"line":123,"column":5},"end":{"line":165,"column":1}},"line":123}},"branchMap":{"0":{"loc":{"start":{"line":5,"column":10},"end":{"line":5,"column":52}},"type":"binary-expr","locations":[{"start":{"line":5,"column":10},"end":{"line":5,"column":32}},{"start":{"line":5,"column":36},"end":{"line":5,"column":52}}],"line":5},"1":{"loc":{"start":{"line":6,"column":19},"end":{"line":6,"column":50}},"type":"binary-expr","locations":[{"start":{"line":6,"column":19},"end":{"line":6,"column":41}},{"start":{"line":6,"column":45},"end":{"line":6,"column":50}}],"line":6},"2":{"loc":{"start":{"line":20,"column":12},"end":{"line":20,"column":79}},"type":"binary-expr","locations":[{"start":{"line":20,"column":12},"end":{"line":20,"column":34}},{"start":{"line":20,"column":38},"end":{"line":20,"column":79}}],"line":20},"3":{"loc":{"start":{"line":24,"column":12},"end":{"line":24,"column":43}},"type":"binary-expr","locations":[{"start":{"line":24,"column":12},"end":{"line":24,"column":24}},{"start":{"line":24,"column":28},"end":{"line":24,"column":43}}],"line":24},"4":{"loc":{"start":{"line":134,"column":29},"end":{"line":134,"column":80}},"type":"binary-expr","locations":[{"start":{"line":134,"column":29},"end":{"line":134,"column":51}},{"start":{"line":134,"column":55},"end":{"line":134,"column":80}}],"line":134},"5":{"loc":{"start":{"line":136,"column":6},"end":{"line":136,"column":83}},"type":"cond-expr","locations":[{"start":{"line":136,"column":27},"end":{"line":136,"column":78}},{"start":{"line":136,"column":81},"end":{"line":136,"column":83}}],"line":136},"6":{"loc":{"start":{"line":148,"column":51},"end":{"line":148,"column":102}},"type":"binary-expr","locations":[{"start":{"line":148,"column":51},"end":{"line":148,"column":73}},{"start":{"line":148,"column":77},"end":{"line":148,"column":102}}],"line":148},"7":{"loc":{"start":{"line":149,"column":8},"end":{"line":149,"column":135}},"type":"cond-expr","locations":[{"start":{"line":149,"column":29},"end":{"line":149,"column":130}},{"start":{"line":149,"column":133},"end":{"line":149,"column":135}}],"line":149}},"s":{"0":9,"1":3,"2":9,"3":3,"4":3,"5":3,"6":3,"7":3,"8":0,"9":0,"10":9,"11":1,"12":1,"13":1,"14":1,"15":9,"16":1,"17":1,"18":9,"19":1,"20":1,"21":1,"22":1},"f":{"0":3,"1":3,"2":1,"3":1,"4":1},"b":{"0":[3,0],"1":[3,0],"2":[3,0],"3":[3,1],"4":[1,0],"5":[1,0],"6":[1,0],"7":[1,0]},"meta":{"lastBranch":8,"lastFunction":5,"lastStatement":23,"seen":{"s:3:26:13:1":0,"f:3:26:3:27":0,"s:4:2:12:Infinity":1,"b:5:10:5:32:5:36:5:52":0,"b:6:19:6:41:6:45:6:50":1,"s:15:25:33:1":2,"f:15:25:15:30":1,"s:16:2:32:Infinity":3,"s:17:24:17:43":4,"s:19:24:25:5":5,"b:20:12:20:34:20:38:20:79":2,"b:24:12:24:24:24:28:24:43":3,"s:27:4:27:Infinity":6,"s:28:4:28:Infinity":7,"s:30:4:30:Infinity":8,"s:31:4:31:Infinity":9,"s:35:38:87:1":10,"f:35:38:35:43":2,"s:36:19:36:75":11,"s:38:18:52:3":12,"s:54:15:79:3":13,"s:81:2:86:Infinity":14,"s:89:42:115:1":15,"f:89:42:89:47":3,"s:95:18:108:3":16,"s:110:2:114:Infinity":17,"s:118:42:165:1":18,"f:118:42:118:47":4,"s:124:25:129:3":19,"s:131:18:142:3":20,"b:134:29:134:51:134:55:134:80":4,"b:136:27:136:78:136:81:136:83":5,"s:144:15:157:3":21,"b:148:51:148:73:148:77:148:102":6,"b:149:29:149:130:149:133:149:135":7,"s:159:2:164:Infinity":22}}}
,"/home/nur/Downloads/Software Development 3/food-delivery-backend/src/utils/jwt.js": {"path":"/home/nur/Downloads/Software Development 3/food-delivery-backend/src/utils/jwt.js","statementMap":{"0":{"start":{"line":4,"column":0},"end":{"line":4,"column":null}},"1":{"start":{"line":6,"column":29},"end":{"line":12,"column":1}},"2":{"start":{"line":8,"column":4},"end":{"line":8,"column":67}},"3":{"start":{"line":9,"column":20},"end":{"line":9,"column":51}},"4":{"start":{"line":11,"column":2},"end":{"line":11,"column":null}},"5":{"start":{"line":14,"column":27},"end":{"line":24,"column":1}},"6":{"start":{"line":16,"column":4},"end":{"line":16,"column":67}},"7":{"start":{"line":18,"column":2},"end":{"line":23,"column":null}},"8":{"start":{"line":19,"column":20},"end":{"line":19,"column":45}},"9":{"start":{"line":20,"column":4},"end":{"line":20,"column":null}},"10":{"start":{"line":22,"column":4},"end":{"line":22,"column":null}}},"fnMap":{"0":{"name":"(anonymous_0)","decl":{"start":{"line":6,"column":29},"end":{"line":6,"column":30}},"loc":{"start":{"line":6,"column":42},"end":{"line":12,"column":1}},"line":6},"1":{"name":"(anonymous_1)","decl":{"start":{"line":14,"column":27},"end":{"line":14,"column":28}},"loc":{"start":{"line":14,"column":38},"end":{"line":24,"column":1}},"line":14}},"branchMap":{"0":{"loc":{"start":{"line":8,"column":4},"end":{"line":8,"column":67}},"type":"binary-expr","locations":[{"start":{"line":8,"column":4},"end":{"line":8,"column":26}},{"start":{"line":8,"column":30},"end":{"line":8,"column":67}}],"line":8},"1":{"loc":{"start":{"line":9,"column":20},"end":{"line":9,"column":51}},"type":"binary-expr","locations":[{"start":{"line":9,"column":20},"end":{"line":9,"column":42}},{"start":{"line":9,"column":46},"end":{"line":9,"column":51}}],"line":9},"2":{"loc":{"start":{"line":16,"column":4},"end":{"line":16,"column":67}},"type":"binary-expr","locations":[{"start":{"line":16,"column":4},"end":{"line":16,"column":26}},{"start":{"line":16,"column":30},"end":{"line":16,"column":67}}],"line":16}},"s":{"0":9,"1":9,"2":43,"3":43,"4":43,"5":9,"6":44,"7":44,"8":44,"9":44,"10":0},"f":{"0":43,"1":44},"b":{"0":[43,0],"1":[43,0],"2":[44,0]},"meta":{"lastBranch":3,"lastFunction":2,"lastStatement":11,"seen":{"s:4:0:4:Infinity":0,"s:6:29:12:1":1,"f:6:29:6:30":0,"s:8:4:8:67":2,"b:8:4:8:26:8:30:8:67":0,"s:9:20:9:51":3,"b:9:20:9:42:9:46:9:51":1,"s:11:2:11:Infinity":4,"s:14:27:24:1":5,"f:14:27:14:28":1,"s:16:4:16:67":6,"b:16:4:16:26:16:30:16:67":2,"s:18:2:23:Infinity":7,"s:19:20:19:45":8,"s:20:4:20:Infinity":9,"s:22:4:22:Infinity":10}}}
,"/home/nur/Downloads/Software Development 3/food-delivery-backend/src/utils/resetToken.js": {"path":"/home/nur/Downloads/Software Development 3/food-delivery-backend/src/utils/resetToken.js","statementMap":{"0":{"start":{"line":3,"column":34},"end":{"line":5,"column":1}},"1":{"start":{"line":4,"column":2},"end":{"line":4,"column":null}},"2":{"start":{"line":7,"column":30},"end":{"line":9,"column":1}},"3":{"start":{"line":8,"column":2},"end":{"line":8,"column":null}},"4":{"start":{"line":11,"column":35},"end":{"line":13,"column":1}},"5":{"start":{"line":12,"column":2},"end":{"line":12,"column":null}}},"fnMap":{"0":{"name":"(anonymous_0)","decl":{"start":{"line":3,"column":34},"end":{"line":3,"column":35}},"loc":{"start":{"line":3,"column":40},"end":{"line":5,"column":1}},"line":3},"1":{"name":"(anonymous_1)","decl":{"start":{"line":7,"column":30},"end":{"line":7,"column":31}},"loc":{"start":{"line":7,"column":41},"end":{"line":9,"column":1}},"line":7},"2":{"name":"(anonymous_2)","decl":{"start":{"line":11,"column":35},"end":{"line":11,"column":36}},"loc":{"start":{"line":11,"column":41},"end":{"line":13,"column":1}},"line":11}},"branchMap":{},"s":{"0":9,"1":1,"2":9,"3":4,"4":9,"5":1},"f":{"0":1,"1":4,"2":1},"b":{},"meta":{"lastBranch":0,"lastFunction":3,"lastStatement":6,"seen":{"s:3:34:5:1":0,"f:3:34:3:35":0,"s:4:2:4:Infinity":1,"s:7:30:9:1":2,"f:7:30:7:31":1,"s:8:2:8:Infinity":3,"s:11:35:13:1":4,"f:11:35:11:36":2,"s:12:2:12:Infinity":5}}}
,"/home/nur/Downloads/Software Development 3/food-delivery-backend/tests/helpers/factories.js": {"path":"/home/nur/Downloads/Software Development 3/food-delivery-backend/tests/helpers/factories.js","statementMap":{"0":{"start":{"line":8,"column":15},"end":{"line":8,"column":16}},"1":{"start":{"line":10,"column":21},"end":{"line":13,"column":1}},"2":{"start":{"line":11,"column":2},"end":{"line":11,"column":null}},"3":{"start":{"line":12,"column":2},"end":{"line":12,"column":null}},"4":{"start":{"line":15,"column":26},"end":{"line":29,"column":1}},"5":{"start":{"line":16,"column":13},"end":{"line":16,"column":27}},"6":{"start":{"line":18,"column":15},"end":{"line":26,"column":4}},"7":{"start":{"line":28,"column":2},"end":{"line":28,"column":null}},"8":{"start":{"line":31,"column":27},"end":{"line":36,"column":1}},"9":{"start":{"line":32,"column":2},"end":{"line":35,"column":null}},"10":{"start":{"line":38,"column":28},"end":{"line":44,"column":1}},"11":{"start":{"line":39,"column":2},"end":{"line":43,"column":null}},"12":{"start":{"line":46,"column":30},"end":{"line":56,"column":1}},"13":{"start":{"line":47,"column":13},"end":{"line":47,"column":27}},"14":{"start":{"line":49,"column":19},"end":{"line":53,"column":4}},"15":{"start":{"line":55,"column":2},"end":{"line":55,"column":null}},"16":{"start":{"line":58,"column":30},"end":{"line":85,"column":1}},"17":{"start":{"line":59,"column":13},"end":{"line":59,"column":27}},"18":{"start":{"line":60,"column":50},"end":{"line":60,"column":59}},"19":{"start":{"line":63,"column":2},"end":{"line":72,"column":null}},"20":{"start":{"line":64,"column":4},"end":{"line":68,"column":null}},"21":{"start":{"line":65,"column":6},"end":{"line":65,"column":null}},"22":{"start":{"line":67,"column":6},"end":{"line":67,"column":null}},"23":{"start":{"line":70,"column":28},"end":{"line":70,"column":50}},"24":{"start":{"line":71,"column":4},"end":{"line":71,"column":null}},"25":{"start":{"line":74,"column":19},"end":{"line":82,"column":4}},"26":{"start":{"line":84,"column":2},"end":{"line":84,"column":null}},"27":{"start":{"line":87,"column":33},"end":{"line":100,"column":1}},"28":{"start":{"line":88,"column":2},"end":{"line":99,"column":null}},"29":{"start":{"line":102,"column":27},"end":{"line":126,"column":1}},"30":{"start":{"line":103,"column":20},"end":{"line":103,"column":58}},"31":{"start":{"line":104,"column":24},"end":{"line":104,"column":70}},"32":{"start":{"line":105,"column":17},"end":{"line":105,"column":44}},"33":{"start":{"line":106,"column":19},"end":{"line":108,"column":44}},"34":{"start":{"line":110,"column":2},"end":{"line":125,"column":null}}},"fnMap":{"0":{"name":"(anonymous_0)","decl":{"start":{"line":10,"column":21},"end":{"line":10,"column":22}},"loc":{"start":{"line":10,"column":27},"end":{"line":13,"column":1}},"line":10},"1":{"name":"(anonymous_1)","decl":{"start":{"line":15,"column":26},"end":{"line":15,"column":31}},"loc":{"start":{"line":15,"column":52},"end":{"line":29,"column":1}},"line":15},"2":{"name":"(anonymous_2)","decl":{"start":{"line":31,"column":27},"end":{"line":31,"column":32}},"loc":{"start":{"line":31,"column":53},"end":{"line":36,"column":1}},"line":31},"3":{"name":"(anonymous_3)","decl":{"start":{"line":38,"column":28},"end":{"line":38,"column":29}},"loc":{"start":{"line":38,"column":38},"end":{"line":44,"column":1}},"line":38},"4":{"name":"(anonymous_4)","decl":{"start":{"line":46,"column":30},"end":{"line":46,"column":35}},"loc":{"start":{"line":46,"column":56},"end":{"line":56,"column":1}},"line":46},"5":{"name":"(anonymous_5)","decl":{"start":{"line":58,"column":30},"end":{"line":58,"column":35}},"loc":{"start":{"line":58,"column":56},"end":{"line":85,"column":1}},"line":58},"6":{"name":"(anonymous_6)","decl":{"start":{"line":87,"column":33},"end":{"line":87,"column":38}},"loc":{"start":{"line":87,"column":73},"end":{"line":100,"column":1}},"line":87},"7":{"name":"(anonymous_7)","decl":{"start":{"line":102,"column":27},"end":{"line":102,"column":32}},"loc":{"start":{"line":102,"column":53},"end":{"line":126,"column":1}},"line":102}},"branchMap":{"0":{"loc":{"start":{"line":15,"column":33},"end":{"line":15,"column":47}},"type":"default-arg","locations":[{"start":{"line":15,"column":45},"end":{"line":15,"column":47}}],"line":15},"1":{"loc":{"start":{"line":31,"column":34},"end":{"line":31,"column":48}},"type":"default-arg","locations":[{"start":{"line":31,"column":46},"end":{"line":31,"column":48}}],"line":31},"2":{"loc":{"start":{"line":46,"column":37},"end":{"line":46,"column":51}},"type":"default-arg","locations":[{"start":{"line":46,"column":49},"end":{"line":46,"column":51}}],"line":46},"3":{"loc":{"start":{"line":58,"column":37},"end":{"line":58,"column":51}},"type":"default-arg","locations":[{"start":{"line":58,"column":49},"end":{"line":58,"column":51}}],"line":58},"4":{"loc":{"start":{"line":63,"column":2},"end":{"line":72,"column":null}},"type":"if","locations":[{"start":{"line":63,"column":2},"end":{"line":72,"column":null}},{"start":{"line":69,"column":9},"end":{"line":72,"column":null}}],"line":63},"5":{"loc":{"start":{"line":64,"column":4},"end":{"line":68,"column":null}},"type":"if","locations":[{"start":{"line":64,"column":4},"end":{"line":68,"column":null}},{"start":{"line":66,"column":11},"end":{"line":68,"column":null}}],"line":64},"6":{"loc":{"start":{"line":87,"column":56},"end":{"line":87,"column":68}},"type":"default-arg","locations":[{"start":{"line":87,"column":67},"end":{"line":87,"column":68}}],"line":87},"7":{"loc":{"start":{"line":102,"column":34},"end":{"line":102,"column":48}},"type":"default-arg","locations":[{"start":{"line":102,"column":46},"end":{"line":102,"column":48}}],"line":102},"8":{"loc":{"start":{"line":103,"column":20},"end":{"line":103,"column":58}},"type":"binary-expr","locations":[{"start":{"line":103,"column":20},"end":{"line":103,"column":34}},{"start":{"line":103,"column":39},"end":{"line":103,"column":57}}],"line":103},"9":{"loc":{"start":{"line":104,"column":24},"end":{"line":104,"column":70}},"type":"binary-expr","locations":[{"start":{"line":104,"column":24},"end":{"line":104,"column":42}},{"start":{"line":104,"column":47},"end":{"line":104,"column":69}}],"line":104},"10":{"loc":{"start":{"line":105,"column":17},"end":{"line":105,"column":44}},"type":"binary-expr","locations":[{"start":{"line":105,"column":17},"end":{"line":105,"column":31}},{"start":{"line":105,"column":35},"end":{"line":105,"column":44}}],"line":105},"11":{"loc":{"start":{"line":106,"column":19},"end":{"line":108,"column":44}},"type":"cond-expr","locations":[{"start":{"line":107,"column":6},"end":{"line":107,"column":null}},{"start":{"line":108,"column":6},"end":{"line":108,"column":44}}],"line":106}},"s":{"0":8,"1":8,"2":106,"3":106,"4":8,"5":51,"6":51,"7":51,"8":8,"9":17,"10":8,"11":38,"12":8,"13":29,"14":29,"15":29,"16":8,"17":26,"18":26,"19":26,"20":15,"21":15,"22":0,"23":11,"24":11,"25":26,"26":26,"27":8,"28":1,"29":8,"30":9,"31":9,"32":9,"33":9,"34":0},"f":{"0":106,"1":51,"2":17,"3":38,"4":29,"5":26,"6":1,"7":9},"b":{"0":[51],"1":[17],"2":[29],"3":[26],"4":[15,11],"5":[15,0],"6":[1],"7":[9],"8":[9,0],"9":[9,0],"10":[9,0],"11":[9,0]},"meta":{"lastBranch":12,"lastFunction":8,"lastStatement":35,"seen":{"s:8:15:8:16":0,"s:10:21:13:1":1,"f:10:21:10:22":0,"s:11:2:11:Infinity":2,"s:12:2:12:Infinity":3,"s:15:26:29:1":4,"f:15:26:15:31":1,"b:15:45:15:47":0,"s:16:13:16:27":5,"s:18:15:26:4":6,"s:28:2:28:Infinity":7,"s:31:27:36:1":8,"f:31:27:31:32":2,"b:31:46:31:48":1,"s:32:2:35:Infinity":9,"s:38:28:44:1":10,"f:38:28:38:29":3,"s:39:2:43:Infinity":11,"s:46:30:56:1":12,"f:46:30:46:35":4,"b:46:49:46:51":2,"s:47:13:47:27":13,"s:49:19:53:4":14,"s:55:2:55:Infinity":15,"s:58:30:85:1":16,"f:58:30:58:35":5,"b:58:49:58:51":3,"s:59:13:59:27":17,"s:60:50:60:59":18,"b:63:2:72:Infinity:69:9:72:Infinity":4,"s:63:2:72:Infinity":19,"b:64:4:68:Infinity:66:11:68:Infinity":5,"s:64:4:68:Infinity":20,"s:65:6:65:Infinity":21,"s:67:6:67:Infinity":22,"s:70:28:70:50":23,"s:71:4:71:Infinity":24,"s:74:19:82:4":25,"s:84:2:84:Infinity":26,"s:87:33:100:1":27,"f:87:33:87:38":6,"b:87:67:87:68":6,"s:88:2:99:Infinity":28,"s:102:27:126:1":29,"f:102:27:102:32":7,"b:102:46:102:48":7,"s:103:20:103:58":30,"b:103:20:103:34:103:39:103:57":8,"s:104:24:104:70":31,"b:104:24:104:42:104:47:104:69":9,"s:105:17:105:44":32,"b:105:17:105:31:105:35:105:44":10,"s:106:19:108:44":33,"b:107:6:107:Infinity:108:6:108:44":11,"s:110:2:125:Infinity":34}}}
}
